[debug] [2019-07-21T16:35:44.493Z] ----------------------------------------------------------------------
[debug] [2019-07-21T16:35:44.495Z] Command:       C:\Program Files\nodejs\node.exe C:\Users\jobja\AppData\Roaming\npm\node_modules\firebase-tools\lib\bin\firebase.js serve --only functions
[debug] [2019-07-21T16:35:44.495Z] CLI Version:   7.1.0
[debug] [2019-07-21T16:35:44.495Z] Platform:      win32
[debug] [2019-07-21T16:35:44.495Z] Node Version:  v12.4.0
[debug] [2019-07-21T16:35:44.496Z] Time:          Sun Jul 21 2019 23:35:44 GMT+0700 (Indochina Time)
[debug] [2019-07-21T16:35:44.496Z] ----------------------------------------------------------------------
[debug] 
[debug] [2019-07-21T16:35:44.502Z] > command requires scopes: ["email","openid","https://www.googleapis.com/auth/cloudplatformprojects.readonly","https://www.googleapis.com/auth/firebase","https://www.googleapis.com/auth/cloud-platform"]
[debug] [2019-07-21T16:35:44.502Z] > authorizing via signed-in user
[debug] [2019-07-21T16:35:44.502Z] [iam] checking project itkmitl-oph-2019 for permissions ["firebase.projects.get"]
[debug] [2019-07-21T16:35:44.503Z] > refreshing access token with scopes: ["email","https://www.googleapis.com/auth/cloud-platform","https://www.googleapis.com/auth/cloudplatformprojects.readonly","https://www.googleapis.com/auth/firebase","openid"]
[debug] [2019-07-21T16:35:44.504Z] >>> HTTP REQUEST POST https://www.googleapis.com/oauth2/v3/token  
 <request body omitted>
[debug] [2019-07-21T16:35:44.637Z] <<< HTTP RESPONSE 200
[debug] [2019-07-21T16:35:44.646Z] >>> HTTP REQUEST POST https://cloudresourcemanager.googleapis.com/v1/projects/itkmitl-oph-2019:testIamPermissions  

[debug] [2019-07-21T16:35:45.886Z] <<< HTTP RESPONSE 200
[debug] [2019-07-21T16:35:45.887Z] >>> HTTP REQUEST GET https://firebase.googleapis.com/v1beta1/projects/itkmitl-oph-2019  
 
[debug] [2019-07-21T16:35:46.201Z] <<< HTTP RESPONSE 200
[warn] !  Your requested "node" version "8" doesn't match your global version "12"
[debug] [2019-07-21T16:35:46.213Z] >>> HTTP REQUEST GET https://firebase.googleapis.com/v1beta1/projects/itkmitl-oph-2019/adminSdkConfig  
 
[debug] [2019-07-21T16:35:46.551Z] <<< HTTP RESPONSE 200
[info] +  functions: Emulator started at http://localhost:5000
[info] i  functions: Watching "C:\Users\jobja\Desktop\Project\oph2019-itkmitl\functions" for Cloud Functions...
[debug] [2019-07-21T16:35:47.085Z] [runtime-status] Functions runtime initialized. {"cwd":"C:\\Users\\jobja\\Desktop\\Project\\oph2019-itkmitl\\functions","node_version":"12.4.0"}
[debug] [2019-07-21T16:35:47.085Z] [runtime-status] Disabled runtime features: {"functions_config_helper":true,"network_filtering":true,"timeout":true,"memory_limiting":true,"protect_env":true,"admin_stubs":true} {}
[debug] [2019-07-21T16:35:47.087Z] [runtime-status] Resolved module firebase-admin {"declared":true,"installed":true,"version":"8.2.0","resolution":"C:\\Users\\jobja\\Desktop\\Project\\oph2019-itkmitl\\functions\\node_modules\\firebase-admin\\lib\\index.js"}
[debug] [2019-07-21T16:35:47.088Z] [runtime-status] Resolved module firebase-functions {"declared":true,"installed":true,"version":"3.1.0","resolution":"C:\\Users\\jobja\\Desktop\\Project\\oph2019-itkmitl\\functions\\node_modules\\firebase-functions\\lib\\index.js"}
[debug] [2019-07-21T16:35:47.089Z] [runtime-status] Resolved module firebase-functions {"declared":true,"installed":true,"version":"3.1.0","resolution":"C:\\Users\\jobja\\Desktop\\Project\\oph2019-itkmitl\\functions\\node_modules\\firebase-functions\\lib\\index.js"}
[debug] [2019-07-21T16:35:47.116Z] [runtime-status] Resolved module firebase-admin {"declared":true,"installed":true,"version":"8.2.0","resolution":"C:\\Users\\jobja\\Desktop\\Project\\oph2019-itkmitl\\functions\\node_modules\\firebase-admin\\lib\\index.js"}
[debug] [2019-07-21T16:35:47.138Z] [runtime-status] firebase-admin has been stubbed. {"adminResolution":{"declared":true,"installed":true,"version":"8.2.0","resolution":"C:\\Users\\jobja\\Desktop\\Project\\oph2019-itkmitl\\functions\\node_modules\\firebase-admin\\lib\\index.js"}}
[warn] !  C:\Users\jobja\Desktop\Project\oph2019-itkmitl\functions\controller\eventController.js:40
            createAt: new Date();
                                ^

SyntaxError: Unexpected token ;
    at Module._compile (internal/modules/cjs/loader.js:718:23)
    at Object.Module._extensions..js (internal/modules/cjs/loader.js:785:10)
    at Module.load (internal/modules/cjs/loader.js:641:32)
    at Function.Module._load (internal/modules/cjs/loader.js:556:12)
    at Module.require (internal/modules/cjs/loader.js:681:19)
    at require (internal/modules/cjs/helpers.js:16:16)
    at Object.<anonymous> (C:\Users\jobja\Desktop\Project\oph2019-itkmitl\functions\index.js:4:15)
    at Module._compile (internal/modules/cjs/loader.js:774:30)
    at Object.Module._extensions..js (internal/modules/cjs/loader.js:785:10)
    at Module.load (internal/modules/cjs/loader.js:641:32)
[warn] !  We were unable to load your functions code. (see above)
[debug] [2019-07-21T16:35:55.529Z] File C:\Users\jobja\Desktop\Project\oph2019-itkmitl\functions\controller\eventController.js changed, reloading triggers
[debug] [2019-07-21T16:35:56.795Z] [runtime-status] Functions runtime initialized. {"cwd":"C:\\Users\\jobja\\Desktop\\Project\\oph2019-itkmitl\\functions","node_version":"12.4.0"}
[debug] [2019-07-21T16:35:56.796Z] [runtime-status] Disabled runtime features: {"functions_config_helper":true,"network_filtering":true,"timeout":true,"memory_limiting":true,"protect_env":true,"admin_stubs":true} {}
[debug] [2019-07-21T16:35:56.798Z] [runtime-status] Resolved module firebase-admin {"declared":true,"installed":true,"version":"8.2.0","resolution":"C:\\Users\\jobja\\Desktop\\Project\\oph2019-itkmitl\\functions\\node_modules\\firebase-admin\\lib\\index.js"}
[debug] [2019-07-21T16:35:56.800Z] [runtime-status] Resolved module firebase-functions {"declared":true,"installed":true,"version":"3.1.0","resolution":"C:\\Users\\jobja\\Desktop\\Project\\oph2019-itkmitl\\functions\\node_modules\\firebase-functions\\lib\\index.js"}
[debug] [2019-07-21T16:35:56.800Z] [runtime-status] Resolved module firebase-functions {"declared":true,"installed":true,"version":"3.1.0","resolution":"C:\\Users\\jobja\\Desktop\\Project\\oph2019-itkmitl\\functions\\node_modules\\firebase-functions\\lib\\index.js"}
[debug] [2019-07-21T16:35:56.827Z] [runtime-status] Resolved module firebase-admin {"declared":true,"installed":true,"version":"8.2.0","resolution":"C:\\Users\\jobja\\Desktop\\Project\\oph2019-itkmitl\\functions\\node_modules\\firebase-admin\\lib\\index.js"}
[debug] [2019-07-21T16:35:56.849Z] [runtime-status] firebase-admin has been stubbed. {"adminResolution":{"declared":true,"installed":true,"version":"8.2.0","resolution":"C:\\Users\\jobja\\Desktop\\Project\\oph2019-itkmitl\\functions\\node_modules\\firebase-admin\\lib\\index.js"}}
[warn] !  C:\Users\jobja\Desktop\Project\oph2019-itkmitl\functions\controller\eventController.js:40
            createAt: new Date();
                                ^

SyntaxError: Unexpected token ;
    at Module._compile (internal/modules/cjs/loader.js:718:23)
    at Object.Module._extensions..js (internal/modules/cjs/loader.js:785:10)
    at Module.load (internal/modules/cjs/loader.js:641:32)
    at Function.Module._load (internal/modules/cjs/loader.js:556:12)
    at Module.require (internal/modules/cjs/loader.js:681:19)
    at require (internal/modules/cjs/helpers.js:16:16)
    at Object.<anonymous> (C:\Users\jobja\Desktop\Project\oph2019-itkmitl\functions\index.js:4:15)
    at Module._compile (internal/modules/cjs/loader.js:774:30)
    at Object.Module._extensions..js (internal/modules/cjs/loader.js:785:10)
    at Module.load (internal/modules/cjs/loader.js:641:32)
[warn] !  We were unable to load your functions code. (see above)
[debug] [2019-07-21T16:36:02.071Z] File C:\Users\jobja\Desktop\Project\oph2019-itkmitl\functions\controller\eventController.js changed, reloading triggers
[debug] [2019-07-21T16:36:03.335Z] [runtime-status] Functions runtime initialized. {"cwd":"C:\\Users\\jobja\\Desktop\\Project\\oph2019-itkmitl\\functions","node_version":"12.4.0"}
[debug] [2019-07-21T16:36:03.336Z] [runtime-status] Disabled runtime features: {"functions_config_helper":true,"network_filtering":true,"timeout":true,"memory_limiting":true,"protect_env":true,"admin_stubs":true} {}
[debug] [2019-07-21T16:36:03.338Z] [runtime-status] Resolved module firebase-admin {"declared":true,"installed":true,"version":"8.2.0","resolution":"C:\\Users\\jobja\\Desktop\\Project\\oph2019-itkmitl\\functions\\node_modules\\firebase-admin\\lib\\index.js"}
[debug] [2019-07-21T16:36:03.340Z] [runtime-status] Resolved module firebase-functions {"declared":true,"installed":true,"version":"3.1.0","resolution":"C:\\Users\\jobja\\Desktop\\Project\\oph2019-itkmitl\\functions\\node_modules\\firebase-functions\\lib\\index.js"}
[debug] [2019-07-21T16:36:03.340Z] [runtime-status] Resolved module firebase-functions {"declared":true,"installed":true,"version":"3.1.0","resolution":"C:\\Users\\jobja\\Desktop\\Project\\oph2019-itkmitl\\functions\\node_modules\\firebase-functions\\lib\\index.js"}
[debug] [2019-07-21T16:36:03.367Z] [runtime-status] Resolved module firebase-admin {"declared":true,"installed":true,"version":"8.2.0","resolution":"C:\\Users\\jobja\\Desktop\\Project\\oph2019-itkmitl\\functions\\node_modules\\firebase-admin\\lib\\index.js"}
[debug] [2019-07-21T16:36:03.389Z] [runtime-status] firebase-admin has been stubbed. {"adminResolution":{"declared":true,"installed":true,"version":"8.2.0","resolution":"C:\\Users\\jobja\\Desktop\\Project\\oph2019-itkmitl\\functions\\node_modules\\firebase-admin\\lib\\index.js"}}
[debug] [2019-07-21T16:36:03.539Z] [default-admin-app-used]  {"databaseURL":"https://itkmitl-oph-2019.firebaseio.com","storageBucket":"itkmitl-oph-2019.appspot.com","projectId":"itkmitl-oph-2019","credential":{"certificate":{"projectId":"itkmitl-oph-2019","privateKey":"-----BEGIN PRIVATE KEY-----\nMIIEvAIBADANBgkqhkiG9w0BAQEFAASCBKYwggSiAgEAAoIBAQCmdaubuu5F8ZrK\n0+Ou2mtffndqqN8ql0sXzaZVwu5aXaRNVOwRj1cvUQQDXYIyCzztonJoYBip8IsK\n1gTaaFarfo9TB85rMSolrBCN16J8wZBYr1blM3cPuwgboYG64IUeFCohn12CXMtQ\ne8ZTFXZ4S79reFAY1xaWwShk9E/hLodkVdb+eLhs28guQQOXS7f2GtDYL8UGuuUh\nqGFA4cWaEJln6US7Lw1clq7N3fZbXRMN73nFQCOoOticfSv/RBcGfq9jBpabWS2g\nPUIiVSynqFl9Q5Pl20rQiCdNRqaBMb8MuwDq8vUuNheaeIVSQEZeXR1VpZZxycpw\n8MXpW5L/AgMBAAECggEAMvqgpt318TfQJ0QDW96KucE6g1Dan+mb1ttlkKhVZRl+\noyxZ6/rRQa13JCy0He1xKHnyveKISyte+d+XtufzeywUauJeJlf1R3pNy5L5sWl6\ncp6oZyN+2DN4hTXOTFRMkGyuhoOPGMigf7KYh4NwN+FC63/6T9E3ms3nOBvWhujB\nkOicWMXp9klH3inSOwKf1KbnEMCQS+soteQuwErW2I0BjF2m5vpgWhJ/o0DLEecJ\nOIuAvJ28uAQDTpdS2o9LWXrZ/jE+EnWC5IgRu+yWpA94aFfy3nARDzNgP8uq+sGn\nEKks1P7/yOpTiLFb8DaBNzGOTPgltFx2lpdJozefCQKBgQDUm0oPzIE20aWLVBIW\nGJuMvwM/qALC4zf6cwVL+B+ghKq+lmCCn8+FNBw+mciCYpzbVwCD3L0Rib3st9hd\nnvpAzhHmIZVGdBTWteSqyeZpIBpUOuFDEMsYaIaF8XXjOgYkGT5EDa7Vj7jddW76\nhDk6rOymUDJC//pyWCbPzVQljQKBgQDIbzMSd/lidOtJ++Xjn/eSXzJA7ViG3vYy\n2QW4TxpKfPsYsxyU/4nv5jgrIIZ7Mdo1zoU7rNBY7HemTvWGbaDC6aLvyX6GC79h\nO8KKkLcTarPBe6x4D5UvHLWu1pSqWZE8txp00s80KwTufwXv9IdDb2KyP10s16D0\nsteOE1b5uwKBgGU33UWyRh40J00y5D1yz7NtSP2oXlAsXv00f2QQp/YC00tTSnVF\n4kV3bq77BfPVQPpH7G3azISqACrPyAmiY2Aw+2KFwIy/PSCPjmMlJjYMW5yYP6Bv\nQVHIiasBLu/UMxJClltN7FuuRgPhIcnQ43Ik27G+Yn91YOXJRAkQpywNAoGAVVPh\nri8dH+kecbSnPaxQPSQBxNpGIcSxkxwI71ndm3BxhSZbOKNBGbwslU+XcMLcXqO4\n3JrJZ9Hjbg2XQM9S7SeBkgt5rZ86ri4+t7a7+awnMmtwFPytSg0y22fGim7vAaYB\nwVItm8vkoZO591lmbDLzFWccR4bUotewJG/fSxkCgYBzmIIvZJCj638AWf8RtfsI\nN3fA7PAOG/SSmph0tUMHg4biieiEZ9XdmyWjrDDddGfQkAcy51vxRSTBwTNm/LT8\n0hdH1IomFopw/V0xramVx4rncsMzkYuuYJQUTMD5Ba65WaTdGeSnSdA8Ktz7rEEh\nlGE4pltRKnlVshjZlzQkNg==\n-----END PRIVATE KEY-----\n","clientEmail":"firebase-adminsdk-vitgk@itkmitl-oph-2019.iam.gserviceaccount.com"},"httpClient":{"retry":{"maxRetries":4,"statusCodes":[503],"ioErrorCodes":["ECONNRESET","ETIMEDOUT"],"backOffFactor":0.5,"maxDelayInMillis":60000}}}}
[debug] [2019-07-21T16:36:03.540Z] [runtime-status] Intializing default app. {"databaseURL":"https://itkmitl-oph-2019.firebaseio.com","storageBucket":"itkmitl-oph-2019.appspot.com","projectId":"itkmitl-oph-2019","credential":{"certificate":{"projectId":"itkmitl-oph-2019","privateKey":"-----BEGIN PRIVATE KEY-----\nMIIEvAIBADANBgkqhkiG9w0BAQEFAASCBKYwggSiAgEAAoIBAQCmdaubuu5F8ZrK\n0+Ou2mtffndqqN8ql0sXzaZVwu5aXaRNVOwRj1cvUQQDXYIyCzztonJoYBip8IsK\n1gTaaFarfo9TB85rMSolrBCN16J8wZBYr1blM3cPuwgboYG64IUeFCohn12CXMtQ\ne8ZTFXZ4S79reFAY1xaWwShk9E/hLodkVdb+eLhs28guQQOXS7f2GtDYL8UGuuUh\nqGFA4cWaEJln6US7Lw1clq7N3fZbXRMN73nFQCOoOticfSv/RBcGfq9jBpabWS2g\nPUIiVSynqFl9Q5Pl20rQiCdNRqaBMb8MuwDq8vUuNheaeIVSQEZeXR1VpZZxycpw\n8MXpW5L/AgMBAAECggEAMvqgpt318TfQJ0QDW96KucE6g1Dan+mb1ttlkKhVZRl+\noyxZ6/rRQa13JCy0He1xKHnyveKISyte+d+XtufzeywUauJeJlf1R3pNy5L5sWl6\ncp6oZyN+2DN4hTXOTFRMkGyuhoOPGMigf7KYh4NwN+FC63/6T9E3ms3nOBvWhujB\nkOicWMXp9klH3inSOwKf1KbnEMCQS+soteQuwErW2I0BjF2m5vpgWhJ/o0DLEecJ\nOIuAvJ28uAQDTpdS2o9LWXrZ/jE+EnWC5IgRu+yWpA94aFfy3nARDzNgP8uq+sGn\nEKks1P7/yOpTiLFb8DaBNzGOTPgltFx2lpdJozefCQKBgQDUm0oPzIE20aWLVBIW\nGJuMvwM/qALC4zf6cwVL+B+ghKq+lmCCn8+FNBw+mciCYpzbVwCD3L0Rib3st9hd\nnvpAzhHmIZVGdBTWteSqyeZpIBpUOuFDEMsYaIaF8XXjOgYkGT5EDa7Vj7jddW76\nhDk6rOymUDJC//pyWCbPzVQljQKBgQDIbzMSd/lidOtJ++Xjn/eSXzJA7ViG3vYy\n2QW4TxpKfPsYsxyU/4nv5jgrIIZ7Mdo1zoU7rNBY7HemTvWGbaDC6aLvyX6GC79h\nO8KKkLcTarPBe6x4D5UvHLWu1pSqWZE8txp00s80KwTufwXv9IdDb2KyP10s16D0\nsteOE1b5uwKBgGU33UWyRh40J00y5D1yz7NtSP2oXlAsXv00f2QQp/YC00tTSnVF\n4kV3bq77BfPVQPpH7G3azISqACrPyAmiY2Aw+2KFwIy/PSCPjmMlJjYMW5yYP6Bv\nQVHIiasBLu/UMxJClltN7FuuRgPhIcnQ43Ik27G+Yn91YOXJRAkQpywNAoGAVVPh\nri8dH+kecbSnPaxQPSQBxNpGIcSxkxwI71ndm3BxhSZbOKNBGbwslU+XcMLcXqO4\n3JrJZ9Hjbg2XQM9S7SeBkgt5rZ86ri4+t7a7+awnMmtwFPytSg0y22fGim7vAaYB\nwVItm8vkoZO591lmbDLzFWccR4bUotewJG/fSxkCgYBzmIIvZJCj638AWf8RtfsI\nN3fA7PAOG/SSmph0tUMHg4biieiEZ9XdmyWjrDDddGfQkAcy51vxRSTBwTNm/LT8\n0hdH1IomFopw/V0xramVx4rncsMzkYuuYJQUTMD5Ba65WaTdGeSnSdA8Ktz7rEEh\nlGE4pltRKnlVshjZlzQkNg==\n-----END PRIVATE KEY-----\n","clientEmail":"firebase-adminsdk-vitgk@itkmitl-oph-2019.iam.gserviceaccount.com"},"httpClient":{"retry":{"maxRetries":4,"statusCodes":[503],"ioErrorCodes":["ECONNRESET","ETIMEDOUT"],"backOffFactor":0.5,"maxDelayInMillis":60000}}}}
[info] i  functions: HTTP trigger initialized at http://localhost:5000/itkmitl-oph-2019/us-central1/event
[debug] [2019-07-21T16:36:05.852Z] Accepted request POST /itkmitl-oph-2019/us-central1/event/register --> event
[debug] [2019-07-21T16:36:06.119Z] [runtime-status] Functions runtime initialized. {"cwd":"C:\\Users\\jobja\\Desktop\\Project\\oph2019-itkmitl\\functions","node_version":"12.4.0"}
[info] i  functions: Beginning execution of "event"
[debug] [2019-07-21T16:36:06.120Z] [runtime-status] Disabled runtime features: {"functions_config_helper":true,"network_filtering":true,"timeout":true,"memory_limiting":true,"protect_env":true,"admin_stubs":true} {}
[debug] [2019-07-21T16:36:06.122Z] [runtime-status] Resolved module firebase-admin {"declared":true,"installed":true,"version":"8.2.0","resolution":"C:\\Users\\jobja\\Desktop\\Project\\oph2019-itkmitl\\functions\\node_modules\\firebase-admin\\lib\\index.js"}
[debug] [2019-07-21T16:36:06.124Z] [runtime-status] Resolved module firebase-functions {"declared":true,"installed":true,"version":"3.1.0","resolution":"C:\\Users\\jobja\\Desktop\\Project\\oph2019-itkmitl\\functions\\node_modules\\firebase-functions\\lib\\index.js"}
[debug] [2019-07-21T16:36:06.124Z] [runtime-status] Resolved module firebase-functions {"declared":true,"installed":true,"version":"3.1.0","resolution":"C:\\Users\\jobja\\Desktop\\Project\\oph2019-itkmitl\\functions\\node_modules\\firebase-functions\\lib\\index.js"}
[debug] [2019-07-21T16:36:06.151Z] [runtime-status] Resolved module firebase-admin {"declared":true,"installed":true,"version":"8.2.0","resolution":"C:\\Users\\jobja\\Desktop\\Project\\oph2019-itkmitl\\functions\\node_modules\\firebase-admin\\lib\\index.js"}
[debug] [2019-07-21T16:36:06.173Z] [runtime-status] firebase-admin has been stubbed. {"adminResolution":{"declared":true,"installed":true,"version":"8.2.0","resolution":"C:\\Users\\jobja\\Desktop\\Project\\oph2019-itkmitl\\functions\\node_modules\\firebase-admin\\lib\\index.js"}}
[debug] [2019-07-21T16:36:06.324Z] [default-admin-app-used]  {"databaseURL":"https://itkmitl-oph-2019.firebaseio.com","storageBucket":"itkmitl-oph-2019.appspot.com","projectId":"itkmitl-oph-2019","credential":{"certificate":{"projectId":"itkmitl-oph-2019","privateKey":"-----BEGIN PRIVATE KEY-----\nMIIEvAIBADANBgkqhkiG9w0BAQEFAASCBKYwggSiAgEAAoIBAQCmdaubuu5F8ZrK\n0+Ou2mtffndqqN8ql0sXzaZVwu5aXaRNVOwRj1cvUQQDXYIyCzztonJoYBip8IsK\n1gTaaFarfo9TB85rMSolrBCN16J8wZBYr1blM3cPuwgboYG64IUeFCohn12CXMtQ\ne8ZTFXZ4S79reFAY1xaWwShk9E/hLodkVdb+eLhs28guQQOXS7f2GtDYL8UGuuUh\nqGFA4cWaEJln6US7Lw1clq7N3fZbXRMN73nFQCOoOticfSv/RBcGfq9jBpabWS2g\nPUIiVSynqFl9Q5Pl20rQiCdNRqaBMb8MuwDq8vUuNheaeIVSQEZeXR1VpZZxycpw\n8MXpW5L/AgMBAAECggEAMvqgpt318TfQJ0QDW96KucE6g1Dan+mb1ttlkKhVZRl+\noyxZ6/rRQa13JCy0He1xKHnyveKISyte+d+XtufzeywUauJeJlf1R3pNy5L5sWl6\ncp6oZyN+2DN4hTXOTFRMkGyuhoOPGMigf7KYh4NwN+FC63/6T9E3ms3nOBvWhujB\nkOicWMXp9klH3inSOwKf1KbnEMCQS+soteQuwErW2I0BjF2m5vpgWhJ/o0DLEecJ\nOIuAvJ28uAQDTpdS2o9LWXrZ/jE+EnWC5IgRu+yWpA94aFfy3nARDzNgP8uq+sGn\nEKks1P7/yOpTiLFb8DaBNzGOTPgltFx2lpdJozefCQKBgQDUm0oPzIE20aWLVBIW\nGJuMvwM/qALC4zf6cwVL+B+ghKq+lmCCn8+FNBw+mciCYpzbVwCD3L0Rib3st9hd\nnvpAzhHmIZVGdBTWteSqyeZpIBpUOuFDEMsYaIaF8XXjOgYkGT5EDa7Vj7jddW76\nhDk6rOymUDJC//pyWCbPzVQljQKBgQDIbzMSd/lidOtJ++Xjn/eSXzJA7ViG3vYy\n2QW4TxpKfPsYsxyU/4nv5jgrIIZ7Mdo1zoU7rNBY7HemTvWGbaDC6aLvyX6GC79h\nO8KKkLcTarPBe6x4D5UvHLWu1pSqWZE8txp00s80KwTufwXv9IdDb2KyP10s16D0\nsteOE1b5uwKBgGU33UWyRh40J00y5D1yz7NtSP2oXlAsXv00f2QQp/YC00tTSnVF\n4kV3bq77BfPVQPpH7G3azISqACrPyAmiY2Aw+2KFwIy/PSCPjmMlJjYMW5yYP6Bv\nQVHIiasBLu/UMxJClltN7FuuRgPhIcnQ43Ik27G+Yn91YOXJRAkQpywNAoGAVVPh\nri8dH+kecbSnPaxQPSQBxNpGIcSxkxwI71ndm3BxhSZbOKNBGbwslU+XcMLcXqO4\n3JrJZ9Hjbg2XQM9S7SeBkgt5rZ86ri4+t7a7+awnMmtwFPytSg0y22fGim7vAaYB\nwVItm8vkoZO591lmbDLzFWccR4bUotewJG/fSxkCgYBzmIIvZJCj638AWf8RtfsI\nN3fA7PAOG/SSmph0tUMHg4biieiEZ9XdmyWjrDDddGfQkAcy51vxRSTBwTNm/LT8\n0hdH1IomFopw/V0xramVx4rncsMzkYuuYJQUTMD5Ba65WaTdGeSnSdA8Ktz7rEEh\nlGE4pltRKnlVshjZlzQkNg==\n-----END PRIVATE KEY-----\n","clientEmail":"firebase-adminsdk-vitgk@itkmitl-oph-2019.iam.gserviceaccount.com"},"httpClient":{"retry":{"maxRetries":4,"statusCodes":[503],"ioErrorCodes":["ECONNRESET","ETIMEDOUT"],"backOffFactor":0.5,"maxDelayInMillis":60000}}}}
[debug] [2019-07-21T16:36:06.324Z] [runtime-status] Intializing default app. {"databaseURL":"https://itkmitl-oph-2019.firebaseio.com","storageBucket":"itkmitl-oph-2019.appspot.com","projectId":"itkmitl-oph-2019","credential":{"certificate":{"projectId":"itkmitl-oph-2019","privateKey":"-----BEGIN PRIVATE KEY-----\nMIIEvAIBADANBgkqhkiG9w0BAQEFAASCBKYwggSiAgEAAoIBAQCmdaubuu5F8ZrK\n0+Ou2mtffndqqN8ql0sXzaZVwu5aXaRNVOwRj1cvUQQDXYIyCzztonJoYBip8IsK\n1gTaaFarfo9TB85rMSolrBCN16J8wZBYr1blM3cPuwgboYG64IUeFCohn12CXMtQ\ne8ZTFXZ4S79reFAY1xaWwShk9E/hLodkVdb+eLhs28guQQOXS7f2GtDYL8UGuuUh\nqGFA4cWaEJln6US7Lw1clq7N3fZbXRMN73nFQCOoOticfSv/RBcGfq9jBpabWS2g\nPUIiVSynqFl9Q5Pl20rQiCdNRqaBMb8MuwDq8vUuNheaeIVSQEZeXR1VpZZxycpw\n8MXpW5L/AgMBAAECggEAMvqgpt318TfQJ0QDW96KucE6g1Dan+mb1ttlkKhVZRl+\noyxZ6/rRQa13JCy0He1xKHnyveKISyte+d+XtufzeywUauJeJlf1R3pNy5L5sWl6\ncp6oZyN+2DN4hTXOTFRMkGyuhoOPGMigf7KYh4NwN+FC63/6T9E3ms3nOBvWhujB\nkOicWMXp9klH3inSOwKf1KbnEMCQS+soteQuwErW2I0BjF2m5vpgWhJ/o0DLEecJ\nOIuAvJ28uAQDTpdS2o9LWXrZ/jE+EnWC5IgRu+yWpA94aFfy3nARDzNgP8uq+sGn\nEKks1P7/yOpTiLFb8DaBNzGOTPgltFx2lpdJozefCQKBgQDUm0oPzIE20aWLVBIW\nGJuMvwM/qALC4zf6cwVL+B+ghKq+lmCCn8+FNBw+mciCYpzbVwCD3L0Rib3st9hd\nnvpAzhHmIZVGdBTWteSqyeZpIBpUOuFDEMsYaIaF8XXjOgYkGT5EDa7Vj7jddW76\nhDk6rOymUDJC//pyWCbPzVQljQKBgQDIbzMSd/lidOtJ++Xjn/eSXzJA7ViG3vYy\n2QW4TxpKfPsYsxyU/4nv5jgrIIZ7Mdo1zoU7rNBY7HemTvWGbaDC6aLvyX6GC79h\nO8KKkLcTarPBe6x4D5UvHLWu1pSqWZE8txp00s80KwTufwXv9IdDb2KyP10s16D0\nsteOE1b5uwKBgGU33UWyRh40J00y5D1yz7NtSP2oXlAsXv00f2QQp/YC00tTSnVF\n4kV3bq77BfPVQPpH7G3azISqACrPyAmiY2Aw+2KFwIy/PSCPjmMlJjYMW5yYP6Bv\nQVHIiasBLu/UMxJClltN7FuuRgPhIcnQ43Ik27G+Yn91YOXJRAkQpywNAoGAVVPh\nri8dH+kecbSnPaxQPSQBxNpGIcSxkxwI71ndm3BxhSZbOKNBGbwslU+XcMLcXqO4\n3JrJZ9Hjbg2XQM9S7SeBkgt5rZ86ri4+t7a7+awnMmtwFPytSg0y22fGim7vAaYB\nwVItm8vkoZO591lmbDLzFWccR4bUotewJG/fSxkCgYBzmIIvZJCj638AWf8RtfsI\nN3fA7PAOG/SSmph0tUMHg4biieiEZ9XdmyWjrDDddGfQkAcy51vxRSTBwTNm/LT8\n0hdH1IomFopw/V0xramVx4rncsMzkYuuYJQUTMD5Ba65WaTdGeSnSdA8Ktz7rEEh\nlGE4pltRKnlVshjZlzQkNg==\n-----END PRIVATE KEY-----\n","clientEmail":"firebase-adminsdk-vitgk@itkmitl-oph-2019.iam.gserviceaccount.com"},"httpClient":{"retry":{"maxRetries":4,"statusCodes":[503],"ioErrorCodes":["ECONNRESET","ETIMEDOUT"],"backOffFactor":0.5,"maxDelayInMillis":60000}}}}
[debug] [2019-07-21T16:36:06.368Z] [runtime-status] Trigger "event" has been found, beginning invocation! {}
[debug] [2019-07-21T16:36:06.368Z] [runtime-status]  {"httpsTrigger":{},"name":"event","entryPoint":"event"}
[debug] [2019-07-21T16:36:06.368Z] [runtime-status] Running event in mode HTTPS {}
[debug] [2019-07-21T16:36:06.372Z] {"socketPath":"\\\\?\\pipe\\C:\\Users\\jobja\\Desktop\\Project\\oph2019-itkmitl\\functions\\8908"}
[debug] [2019-07-21T16:36:06.374Z] [functions] Runtime ready! Sending request! {"socketPath":"\\\\?\\pipe\\C:\\Users\\jobja\\Desktop\\Project\\oph2019-itkmitl\\functions\\8908"}
[debug] [2019-07-21T16:36:06.394Z] [runtime-status] Ephemeral server used! {}
[debug] [2019-07-21T16:36:06.638Z] [runtime-status] Ephemeral server survived. {}
[info] i  functions: Finished "event" in ~1s
[debug] [2019-07-21T16:36:10.732Z] Accepted request POST /itkmitl-oph-2019/us-central1/event/register --> event
[debug] [2019-07-21T16:36:11.013Z] [runtime-status] Functions runtime initialized. {"cwd":"C:\\Users\\jobja\\Desktop\\Project\\oph2019-itkmitl\\functions","node_version":"12.4.0"}
[info] i  functions: Beginning execution of "event"
[debug] [2019-07-21T16:36:11.013Z] [runtime-status] Disabled runtime features: {"functions_config_helper":true,"network_filtering":true,"timeout":true,"memory_limiting":true,"protect_env":true,"admin_stubs":true} {}
[debug] [2019-07-21T16:36:11.016Z] [runtime-status] Resolved module firebase-admin {"declared":true,"installed":true,"version":"8.2.0","resolution":"C:\\Users\\jobja\\Desktop\\Project\\oph2019-itkmitl\\functions\\node_modules\\firebase-admin\\lib\\index.js"}
[debug] [2019-07-21T16:36:11.017Z] [runtime-status] Resolved module firebase-functions {"declared":true,"installed":true,"version":"3.1.0","resolution":"C:\\Users\\jobja\\Desktop\\Project\\oph2019-itkmitl\\functions\\node_modules\\firebase-functions\\lib\\index.js"}
[debug] [2019-07-21T16:36:11.018Z] [runtime-status] Resolved module firebase-functions {"declared":true,"installed":true,"version":"3.1.0","resolution":"C:\\Users\\jobja\\Desktop\\Project\\oph2019-itkmitl\\functions\\node_modules\\firebase-functions\\lib\\index.js"}
[debug] [2019-07-21T16:36:11.045Z] [runtime-status] Resolved module firebase-admin {"declared":true,"installed":true,"version":"8.2.0","resolution":"C:\\Users\\jobja\\Desktop\\Project\\oph2019-itkmitl\\functions\\node_modules\\firebase-admin\\lib\\index.js"}
[debug] [2019-07-21T16:36:11.068Z] [runtime-status] firebase-admin has been stubbed. {"adminResolution":{"declared":true,"installed":true,"version":"8.2.0","resolution":"C:\\Users\\jobja\\Desktop\\Project\\oph2019-itkmitl\\functions\\node_modules\\firebase-admin\\lib\\index.js"}}
[debug] [2019-07-21T16:36:11.219Z] [default-admin-app-used]  {"databaseURL":"https://itkmitl-oph-2019.firebaseio.com","storageBucket":"itkmitl-oph-2019.appspot.com","projectId":"itkmitl-oph-2019","credential":{"certificate":{"projectId":"itkmitl-oph-2019","privateKey":"-----BEGIN PRIVATE KEY-----\nMIIEvAIBADANBgkqhkiG9w0BAQEFAASCBKYwggSiAgEAAoIBAQCmdaubuu5F8ZrK\n0+Ou2mtffndqqN8ql0sXzaZVwu5aXaRNVOwRj1cvUQQDXYIyCzztonJoYBip8IsK\n1gTaaFarfo9TB85rMSolrBCN16J8wZBYr1blM3cPuwgboYG64IUeFCohn12CXMtQ\ne8ZTFXZ4S79reFAY1xaWwShk9E/hLodkVdb+eLhs28guQQOXS7f2GtDYL8UGuuUh\nqGFA4cWaEJln6US7Lw1clq7N3fZbXRMN73nFQCOoOticfSv/RBcGfq9jBpabWS2g\nPUIiVSynqFl9Q5Pl20rQiCdNRqaBMb8MuwDq8vUuNheaeIVSQEZeXR1VpZZxycpw\n8MXpW5L/AgMBAAECggEAMvqgpt318TfQJ0QDW96KucE6g1Dan+mb1ttlkKhVZRl+\noyxZ6/rRQa13JCy0He1xKHnyveKISyte+d+XtufzeywUauJeJlf1R3pNy5L5sWl6\ncp6oZyN+2DN4hTXOTFRMkGyuhoOPGMigf7KYh4NwN+FC63/6T9E3ms3nOBvWhujB\nkOicWMXp9klH3inSOwKf1KbnEMCQS+soteQuwErW2I0BjF2m5vpgWhJ/o0DLEecJ\nOIuAvJ28uAQDTpdS2o9LWXrZ/jE+EnWC5IgRu+yWpA94aFfy3nARDzNgP8uq+sGn\nEKks1P7/yOpTiLFb8DaBNzGOTPgltFx2lpdJozefCQKBgQDUm0oPzIE20aWLVBIW\nGJuMvwM/qALC4zf6cwVL+B+ghKq+lmCCn8+FNBw+mciCYpzbVwCD3L0Rib3st9hd\nnvpAzhHmIZVGdBTWteSqyeZpIBpUOuFDEMsYaIaF8XXjOgYkGT5EDa7Vj7jddW76\nhDk6rOymUDJC//pyWCbPzVQljQKBgQDIbzMSd/lidOtJ++Xjn/eSXzJA7ViG3vYy\n2QW4TxpKfPsYsxyU/4nv5jgrIIZ7Mdo1zoU7rNBY7HemTvWGbaDC6aLvyX6GC79h\nO8KKkLcTarPBe6x4D5UvHLWu1pSqWZE8txp00s80KwTufwXv9IdDb2KyP10s16D0\nsteOE1b5uwKBgGU33UWyRh40J00y5D1yz7NtSP2oXlAsXv00f2QQp/YC00tTSnVF\n4kV3bq77BfPVQPpH7G3azISqACrPyAmiY2Aw+2KFwIy/PSCPjmMlJjYMW5yYP6Bv\nQVHIiasBLu/UMxJClltN7FuuRgPhIcnQ43Ik27G+Yn91YOXJRAkQpywNAoGAVVPh\nri8dH+kecbSnPaxQPSQBxNpGIcSxkxwI71ndm3BxhSZbOKNBGbwslU+XcMLcXqO4\n3JrJZ9Hjbg2XQM9S7SeBkgt5rZ86ri4+t7a7+awnMmtwFPytSg0y22fGim7vAaYB\nwVItm8vkoZO591lmbDLzFWccR4bUotewJG/fSxkCgYBzmIIvZJCj638AWf8RtfsI\nN3fA7PAOG/SSmph0tUMHg4biieiEZ9XdmyWjrDDddGfQkAcy51vxRSTBwTNm/LT8\n0hdH1IomFopw/V0xramVx4rncsMzkYuuYJQUTMD5Ba65WaTdGeSnSdA8Ktz7rEEh\nlGE4pltRKnlVshjZlzQkNg==\n-----END PRIVATE KEY-----\n","clientEmail":"firebase-adminsdk-vitgk@itkmitl-oph-2019.iam.gserviceaccount.com"},"httpClient":{"retry":{"maxRetries":4,"statusCodes":[503],"ioErrorCodes":["ECONNRESET","ETIMEDOUT"],"backOffFactor":0.5,"maxDelayInMillis":60000}}}}
[debug] [2019-07-21T16:36:11.219Z] [runtime-status] Intializing default app. {"databaseURL":"https://itkmitl-oph-2019.firebaseio.com","storageBucket":"itkmitl-oph-2019.appspot.com","projectId":"itkmitl-oph-2019","credential":{"certificate":{"projectId":"itkmitl-oph-2019","privateKey":"-----BEGIN PRIVATE KEY-----\nMIIEvAIBADANBgkqhkiG9w0BAQEFAASCBKYwggSiAgEAAoIBAQCmdaubuu5F8ZrK\n0+Ou2mtffndqqN8ql0sXzaZVwu5aXaRNVOwRj1cvUQQDXYIyCzztonJoYBip8IsK\n1gTaaFarfo9TB85rMSolrBCN16J8wZBYr1blM3cPuwgboYG64IUeFCohn12CXMtQ\ne8ZTFXZ4S79reFAY1xaWwShk9E/hLodkVdb+eLhs28guQQOXS7f2GtDYL8UGuuUh\nqGFA4cWaEJln6US7Lw1clq7N3fZbXRMN73nFQCOoOticfSv/RBcGfq9jBpabWS2g\nPUIiVSynqFl9Q5Pl20rQiCdNRqaBMb8MuwDq8vUuNheaeIVSQEZeXR1VpZZxycpw\n8MXpW5L/AgMBAAECggEAMvqgpt318TfQJ0QDW96KucE6g1Dan+mb1ttlkKhVZRl+\noyxZ6/rRQa13JCy0He1xKHnyveKISyte+d+XtufzeywUauJeJlf1R3pNy5L5sWl6\ncp6oZyN+2DN4hTXOTFRMkGyuhoOPGMigf7KYh4NwN+FC63/6T9E3ms3nOBvWhujB\nkOicWMXp9klH3inSOwKf1KbnEMCQS+soteQuwErW2I0BjF2m5vpgWhJ/o0DLEecJ\nOIuAvJ28uAQDTpdS2o9LWXrZ/jE+EnWC5IgRu+yWpA94aFfy3nARDzNgP8uq+sGn\nEKks1P7/yOpTiLFb8DaBNzGOTPgltFx2lpdJozefCQKBgQDUm0oPzIE20aWLVBIW\nGJuMvwM/qALC4zf6cwVL+B+ghKq+lmCCn8+FNBw+mciCYpzbVwCD3L0Rib3st9hd\nnvpAzhHmIZVGdBTWteSqyeZpIBpUOuFDEMsYaIaF8XXjOgYkGT5EDa7Vj7jddW76\nhDk6rOymUDJC//pyWCbPzVQljQKBgQDIbzMSd/lidOtJ++Xjn/eSXzJA7ViG3vYy\n2QW4TxpKfPsYsxyU/4nv5jgrIIZ7Mdo1zoU7rNBY7HemTvWGbaDC6aLvyX6GC79h\nO8KKkLcTarPBe6x4D5UvHLWu1pSqWZE8txp00s80KwTufwXv9IdDb2KyP10s16D0\nsteOE1b5uwKBgGU33UWyRh40J00y5D1yz7NtSP2oXlAsXv00f2QQp/YC00tTSnVF\n4kV3bq77BfPVQPpH7G3azISqACrPyAmiY2Aw+2KFwIy/PSCPjmMlJjYMW5yYP6Bv\nQVHIiasBLu/UMxJClltN7FuuRgPhIcnQ43Ik27G+Yn91YOXJRAkQpywNAoGAVVPh\nri8dH+kecbSnPaxQPSQBxNpGIcSxkxwI71ndm3BxhSZbOKNBGbwslU+XcMLcXqO4\n3JrJZ9Hjbg2XQM9S7SeBkgt5rZ86ri4+t7a7+awnMmtwFPytSg0y22fGim7vAaYB\nwVItm8vkoZO591lmbDLzFWccR4bUotewJG/fSxkCgYBzmIIvZJCj638AWf8RtfsI\nN3fA7PAOG/SSmph0tUMHg4biieiEZ9XdmyWjrDDddGfQkAcy51vxRSTBwTNm/LT8\n0hdH1IomFopw/V0xramVx4rncsMzkYuuYJQUTMD5Ba65WaTdGeSnSdA8Ktz7rEEh\nlGE4pltRKnlVshjZlzQkNg==\n-----END PRIVATE KEY-----\n","clientEmail":"firebase-adminsdk-vitgk@itkmitl-oph-2019.iam.gserviceaccount.com"},"httpClient":{"retry":{"maxRetries":4,"statusCodes":[503],"ioErrorCodes":["ECONNRESET","ETIMEDOUT"],"backOffFactor":0.5,"maxDelayInMillis":60000}}}}
[debug] [2019-07-21T16:36:11.264Z] [runtime-status] Trigger "event" has been found, beginning invocation! {}
[debug] [2019-07-21T16:36:11.264Z] [runtime-status]  {"httpsTrigger":{},"name":"event","entryPoint":"event"}
[debug] [2019-07-21T16:36:11.264Z] [runtime-status] Running event in mode HTTPS {}
[debug] [2019-07-21T16:36:11.268Z] {"socketPath":"\\\\?\\pipe\\C:\\Users\\jobja\\Desktop\\Project\\oph2019-itkmitl\\functions\\22492"}
[debug] [2019-07-21T16:36:11.269Z] [functions] Runtime ready! Sending request! {"socketPath":"\\\\?\\pipe\\C:\\Users\\jobja\\Desktop\\Project\\oph2019-itkmitl\\functions\\22492"}
[debug] [2019-07-21T16:36:11.287Z] [runtime-status] Ephemeral server used! {}
[debug] [2019-07-21T16:36:11.527Z] [runtime-status] Ephemeral server survived. {}
[info] i  functions: Finished "event" in ~1s
[debug] [2019-07-21T16:38:30.575Z] File C:\Users\jobja\Desktop\Project\oph2019-itkmitl\functions\controller\eventController.js changed, reloading triggers
[debug] [2019-07-21T16:38:31.852Z] [runtime-status] Functions runtime initialized. {"cwd":"C:\\Users\\jobja\\Desktop\\Project\\oph2019-itkmitl\\functions","node_version":"12.4.0"}
[debug] [2019-07-21T16:38:31.853Z] [runtime-status] Disabled runtime features: {"functions_config_helper":true,"network_filtering":true,"timeout":true,"memory_limiting":true,"protect_env":true,"admin_stubs":true} {}
[debug] [2019-07-21T16:38:31.856Z] [runtime-status] Resolved module firebase-admin {"declared":true,"installed":true,"version":"8.2.0","resolution":"C:\\Users\\jobja\\Desktop\\Project\\oph2019-itkmitl\\functions\\node_modules\\firebase-admin\\lib\\index.js"}
[debug] [2019-07-21T16:38:31.857Z] [runtime-status] Resolved module firebase-functions {"declared":true,"installed":true,"version":"3.1.0","resolution":"C:\\Users\\jobja\\Desktop\\Project\\oph2019-itkmitl\\functions\\node_modules\\firebase-functions\\lib\\index.js"}
[debug] [2019-07-21T16:38:31.857Z] [runtime-status] Resolved module firebase-functions {"declared":true,"installed":true,"version":"3.1.0","resolution":"C:\\Users\\jobja\\Desktop\\Project\\oph2019-itkmitl\\functions\\node_modules\\firebase-functions\\lib\\index.js"}
[debug] [2019-07-21T16:38:31.884Z] [runtime-status] Resolved module firebase-admin {"declared":true,"installed":true,"version":"8.2.0","resolution":"C:\\Users\\jobja\\Desktop\\Project\\oph2019-itkmitl\\functions\\node_modules\\firebase-admin\\lib\\index.js"}
[debug] [2019-07-21T16:38:31.908Z] [runtime-status] firebase-admin has been stubbed. {"adminResolution":{"declared":true,"installed":true,"version":"8.2.0","resolution":"C:\\Users\\jobja\\Desktop\\Project\\oph2019-itkmitl\\functions\\node_modules\\firebase-admin\\lib\\index.js"}}
[debug] [2019-07-21T16:38:32.059Z] [default-admin-app-used]  {"databaseURL":"https://itkmitl-oph-2019.firebaseio.com","storageBucket":"itkmitl-oph-2019.appspot.com","projectId":"itkmitl-oph-2019","credential":{"certificate":{"projectId":"itkmitl-oph-2019","privateKey":"-----BEGIN PRIVATE KEY-----\nMIIEvAIBADANBgkqhkiG9w0BAQEFAASCBKYwggSiAgEAAoIBAQCmdaubuu5F8ZrK\n0+Ou2mtffndqqN8ql0sXzaZVwu5aXaRNVOwRj1cvUQQDXYIyCzztonJoYBip8IsK\n1gTaaFarfo9TB85rMSolrBCN16J8wZBYr1blM3cPuwgboYG64IUeFCohn12CXMtQ\ne8ZTFXZ4S79reFAY1xaWwShk9E/hLodkVdb+eLhs28guQQOXS7f2GtDYL8UGuuUh\nqGFA4cWaEJln6US7Lw1clq7N3fZbXRMN73nFQCOoOticfSv/RBcGfq9jBpabWS2g\nPUIiVSynqFl9Q5Pl20rQiCdNRqaBMb8MuwDq8vUuNheaeIVSQEZeXR1VpZZxycpw\n8MXpW5L/AgMBAAECggEAMvqgpt318TfQJ0QDW96KucE6g1Dan+mb1ttlkKhVZRl+\noyxZ6/rRQa13JCy0He1xKHnyveKISyte+d+XtufzeywUauJeJlf1R3pNy5L5sWl6\ncp6oZyN+2DN4hTXOTFRMkGyuhoOPGMigf7KYh4NwN+FC63/6T9E3ms3nOBvWhujB\nkOicWMXp9klH3inSOwKf1KbnEMCQS+soteQuwErW2I0BjF2m5vpgWhJ/o0DLEecJ\nOIuAvJ28uAQDTpdS2o9LWXrZ/jE+EnWC5IgRu+yWpA94aFfy3nARDzNgP8uq+sGn\nEKks1P7/yOpTiLFb8DaBNzGOTPgltFx2lpdJozefCQKBgQDUm0oPzIE20aWLVBIW\nGJuMvwM/qALC4zf6cwVL+B+ghKq+lmCCn8+FNBw+mciCYpzbVwCD3L0Rib3st9hd\nnvpAzhHmIZVGdBTWteSqyeZpIBpUOuFDEMsYaIaF8XXjOgYkGT5EDa7Vj7jddW76\nhDk6rOymUDJC//pyWCbPzVQljQKBgQDIbzMSd/lidOtJ++Xjn/eSXzJA7ViG3vYy\n2QW4TxpKfPsYsxyU/4nv5jgrIIZ7Mdo1zoU7rNBY7HemTvWGbaDC6aLvyX6GC79h\nO8KKkLcTarPBe6x4D5UvHLWu1pSqWZE8txp00s80KwTufwXv9IdDb2KyP10s16D0\nsteOE1b5uwKBgGU33UWyRh40J00y5D1yz7NtSP2oXlAsXv00f2QQp/YC00tTSnVF\n4kV3bq77BfPVQPpH7G3azISqACrPyAmiY2Aw+2KFwIy/PSCPjmMlJjYMW5yYP6Bv\nQVHIiasBLu/UMxJClltN7FuuRgPhIcnQ43Ik27G+Yn91YOXJRAkQpywNAoGAVVPh\nri8dH+kecbSnPaxQPSQBxNpGIcSxkxwI71ndm3BxhSZbOKNBGbwslU+XcMLcXqO4\n3JrJZ9Hjbg2XQM9S7SeBkgt5rZ86ri4+t7a7+awnMmtwFPytSg0y22fGim7vAaYB\nwVItm8vkoZO591lmbDLzFWccR4bUotewJG/fSxkCgYBzmIIvZJCj638AWf8RtfsI\nN3fA7PAOG/SSmph0tUMHg4biieiEZ9XdmyWjrDDddGfQkAcy51vxRSTBwTNm/LT8\n0hdH1IomFopw/V0xramVx4rncsMzkYuuYJQUTMD5Ba65WaTdGeSnSdA8Ktz7rEEh\nlGE4pltRKnlVshjZlzQkNg==\n-----END PRIVATE KEY-----\n","clientEmail":"firebase-adminsdk-vitgk@itkmitl-oph-2019.iam.gserviceaccount.com"},"httpClient":{"retry":{"maxRetries":4,"statusCodes":[503],"ioErrorCodes":["ECONNRESET","ETIMEDOUT"],"backOffFactor":0.5,"maxDelayInMillis":60000}}}}
[debug] [2019-07-21T16:38:32.060Z] [runtime-status] Intializing default app. {"databaseURL":"https://itkmitl-oph-2019.firebaseio.com","storageBucket":"itkmitl-oph-2019.appspot.com","projectId":"itkmitl-oph-2019","credential":{"certificate":{"projectId":"itkmitl-oph-2019","privateKey":"-----BEGIN PRIVATE KEY-----\nMIIEvAIBADANBgkqhkiG9w0BAQEFAASCBKYwggSiAgEAAoIBAQCmdaubuu5F8ZrK\n0+Ou2mtffndqqN8ql0sXzaZVwu5aXaRNVOwRj1cvUQQDXYIyCzztonJoYBip8IsK\n1gTaaFarfo9TB85rMSolrBCN16J8wZBYr1blM3cPuwgboYG64IUeFCohn12CXMtQ\ne8ZTFXZ4S79reFAY1xaWwShk9E/hLodkVdb+eLhs28guQQOXS7f2GtDYL8UGuuUh\nqGFA4cWaEJln6US7Lw1clq7N3fZbXRMN73nFQCOoOticfSv/RBcGfq9jBpabWS2g\nPUIiVSynqFl9Q5Pl20rQiCdNRqaBMb8MuwDq8vUuNheaeIVSQEZeXR1VpZZxycpw\n8MXpW5L/AgMBAAECggEAMvqgpt318TfQJ0QDW96KucE6g1Dan+mb1ttlkKhVZRl+\noyxZ6/rRQa13JCy0He1xKHnyveKISyte+d+XtufzeywUauJeJlf1R3pNy5L5sWl6\ncp6oZyN+2DN4hTXOTFRMkGyuhoOPGMigf7KYh4NwN+FC63/6T9E3ms3nOBvWhujB\nkOicWMXp9klH3inSOwKf1KbnEMCQS+soteQuwErW2I0BjF2m5vpgWhJ/o0DLEecJ\nOIuAvJ28uAQDTpdS2o9LWXrZ/jE+EnWC5IgRu+yWpA94aFfy3nARDzNgP8uq+sGn\nEKks1P7/yOpTiLFb8DaBNzGOTPgltFx2lpdJozefCQKBgQDUm0oPzIE20aWLVBIW\nGJuMvwM/qALC4zf6cwVL+B+ghKq+lmCCn8+FNBw+mciCYpzbVwCD3L0Rib3st9hd\nnvpAzhHmIZVGdBTWteSqyeZpIBpUOuFDEMsYaIaF8XXjOgYkGT5EDa7Vj7jddW76\nhDk6rOymUDJC//pyWCbPzVQljQKBgQDIbzMSd/lidOtJ++Xjn/eSXzJA7ViG3vYy\n2QW4TxpKfPsYsxyU/4nv5jgrIIZ7Mdo1zoU7rNBY7HemTvWGbaDC6aLvyX6GC79h\nO8KKkLcTarPBe6x4D5UvHLWu1pSqWZE8txp00s80KwTufwXv9IdDb2KyP10s16D0\nsteOE1b5uwKBgGU33UWyRh40J00y5D1yz7NtSP2oXlAsXv00f2QQp/YC00tTSnVF\n4kV3bq77BfPVQPpH7G3azISqACrPyAmiY2Aw+2KFwIy/PSCPjmMlJjYMW5yYP6Bv\nQVHIiasBLu/UMxJClltN7FuuRgPhIcnQ43Ik27G+Yn91YOXJRAkQpywNAoGAVVPh\nri8dH+kecbSnPaxQPSQBxNpGIcSxkxwI71ndm3BxhSZbOKNBGbwslU+XcMLcXqO4\n3JrJZ9Hjbg2XQM9S7SeBkgt5rZ86ri4+t7a7+awnMmtwFPytSg0y22fGim7vAaYB\nwVItm8vkoZO591lmbDLzFWccR4bUotewJG/fSxkCgYBzmIIvZJCj638AWf8RtfsI\nN3fA7PAOG/SSmph0tUMHg4biieiEZ9XdmyWjrDDddGfQkAcy51vxRSTBwTNm/LT8\n0hdH1IomFopw/V0xramVx4rncsMzkYuuYJQUTMD5Ba65WaTdGeSnSdA8Ktz7rEEh\nlGE4pltRKnlVshjZlzQkNg==\n-----END PRIVATE KEY-----\n","clientEmail":"firebase-adminsdk-vitgk@itkmitl-oph-2019.iam.gserviceaccount.com"},"httpClient":{"retry":{"maxRetries":4,"statusCodes":[503],"ioErrorCodes":["ECONNRESET","ETIMEDOUT"],"backOffFactor":0.5,"maxDelayInMillis":60000}}}}
[debug] [2019-07-21T16:38:37.551Z] Accepted request POST /itkmitl-oph-2019/us-central1/event/register --> event
[debug] [2019-07-21T16:38:37.815Z] [runtime-status] Functions runtime initialized. {"cwd":"C:\\Users\\jobja\\Desktop\\Project\\oph2019-itkmitl\\functions","node_version":"12.4.0"}
[info] i  functions: Beginning execution of "event"
[debug] [2019-07-21T16:38:37.816Z] [runtime-status] Disabled runtime features: {"functions_config_helper":true,"network_filtering":true,"timeout":true,"memory_limiting":true,"protect_env":true,"admin_stubs":true} {}
[debug] [2019-07-21T16:38:37.819Z] [runtime-status] Resolved module firebase-admin {"declared":true,"installed":true,"version":"8.2.0","resolution":"C:\\Users\\jobja\\Desktop\\Project\\oph2019-itkmitl\\functions\\node_modules\\firebase-admin\\lib\\index.js"}
[debug] [2019-07-21T16:38:37.820Z] [runtime-status] Resolved module firebase-functions {"declared":true,"installed":true,"version":"3.1.0","resolution":"C:\\Users\\jobja\\Desktop\\Project\\oph2019-itkmitl\\functions\\node_modules\\firebase-functions\\lib\\index.js"}
[debug] [2019-07-21T16:38:37.820Z] [runtime-status] Resolved module firebase-functions {"declared":true,"installed":true,"version":"3.1.0","resolution":"C:\\Users\\jobja\\Desktop\\Project\\oph2019-itkmitl\\functions\\node_modules\\firebase-functions\\lib\\index.js"}
[debug] [2019-07-21T16:38:37.847Z] [runtime-status] Resolved module firebase-admin {"declared":true,"installed":true,"version":"8.2.0","resolution":"C:\\Users\\jobja\\Desktop\\Project\\oph2019-itkmitl\\functions\\node_modules\\firebase-admin\\lib\\index.js"}
[debug] [2019-07-21T16:38:37.870Z] [runtime-status] firebase-admin has been stubbed. {"adminResolution":{"declared":true,"installed":true,"version":"8.2.0","resolution":"C:\\Users\\jobja\\Desktop\\Project\\oph2019-itkmitl\\functions\\node_modules\\firebase-admin\\lib\\index.js"}}
[debug] [2019-07-21T16:38:38.020Z] [default-admin-app-used]  {"databaseURL":"https://itkmitl-oph-2019.firebaseio.com","storageBucket":"itkmitl-oph-2019.appspot.com","projectId":"itkmitl-oph-2019","credential":{"certificate":{"projectId":"itkmitl-oph-2019","privateKey":"-----BEGIN PRIVATE KEY-----\nMIIEvAIBADANBgkqhkiG9w0BAQEFAASCBKYwggSiAgEAAoIBAQCmdaubuu5F8ZrK\n0+Ou2mtffndqqN8ql0sXzaZVwu5aXaRNVOwRj1cvUQQDXYIyCzztonJoYBip8IsK\n1gTaaFarfo9TB85rMSolrBCN16J8wZBYr1blM3cPuwgboYG64IUeFCohn12CXMtQ\ne8ZTFXZ4S79reFAY1xaWwShk9E/hLodkVdb+eLhs28guQQOXS7f2GtDYL8UGuuUh\nqGFA4cWaEJln6US7Lw1clq7N3fZbXRMN73nFQCOoOticfSv/RBcGfq9jBpabWS2g\nPUIiVSynqFl9Q5Pl20rQiCdNRqaBMb8MuwDq8vUuNheaeIVSQEZeXR1VpZZxycpw\n8MXpW5L/AgMBAAECggEAMvqgpt318TfQJ0QDW96KucE6g1Dan+mb1ttlkKhVZRl+\noyxZ6/rRQa13JCy0He1xKHnyveKISyte+d+XtufzeywUauJeJlf1R3pNy5L5sWl6\ncp6oZyN+2DN4hTXOTFRMkGyuhoOPGMigf7KYh4NwN+FC63/6T9E3ms3nOBvWhujB\nkOicWMXp9klH3inSOwKf1KbnEMCQS+soteQuwErW2I0BjF2m5vpgWhJ/o0DLEecJ\nOIuAvJ28uAQDTpdS2o9LWXrZ/jE+EnWC5IgRu+yWpA94aFfy3nARDzNgP8uq+sGn\nEKks1P7/yOpTiLFb8DaBNzGOTPgltFx2lpdJozefCQKBgQDUm0oPzIE20aWLVBIW\nGJuMvwM/qALC4zf6cwVL+B+ghKq+lmCCn8+FNBw+mciCYpzbVwCD3L0Rib3st9hd\nnvpAzhHmIZVGdBTWteSqyeZpIBpUOuFDEMsYaIaF8XXjOgYkGT5EDa7Vj7jddW76\nhDk6rOymUDJC//pyWCbPzVQljQKBgQDIbzMSd/lidOtJ++Xjn/eSXzJA7ViG3vYy\n2QW4TxpKfPsYsxyU/4nv5jgrIIZ7Mdo1zoU7rNBY7HemTvWGbaDC6aLvyX6GC79h\nO8KKkLcTarPBe6x4D5UvHLWu1pSqWZE8txp00s80KwTufwXv9IdDb2KyP10s16D0\nsteOE1b5uwKBgGU33UWyRh40J00y5D1yz7NtSP2oXlAsXv00f2QQp/YC00tTSnVF\n4kV3bq77BfPVQPpH7G3azISqACrPyAmiY2Aw+2KFwIy/PSCPjmMlJjYMW5yYP6Bv\nQVHIiasBLu/UMxJClltN7FuuRgPhIcnQ43Ik27G+Yn91YOXJRAkQpywNAoGAVVPh\nri8dH+kecbSnPaxQPSQBxNpGIcSxkxwI71ndm3BxhSZbOKNBGbwslU+XcMLcXqO4\n3JrJZ9Hjbg2XQM9S7SeBkgt5rZ86ri4+t7a7+awnMmtwFPytSg0y22fGim7vAaYB\nwVItm8vkoZO591lmbDLzFWccR4bUotewJG/fSxkCgYBzmIIvZJCj638AWf8RtfsI\nN3fA7PAOG/SSmph0tUMHg4biieiEZ9XdmyWjrDDddGfQkAcy51vxRSTBwTNm/LT8\n0hdH1IomFopw/V0xramVx4rncsMzkYuuYJQUTMD5Ba65WaTdGeSnSdA8Ktz7rEEh\nlGE4pltRKnlVshjZlzQkNg==\n-----END PRIVATE KEY-----\n","clientEmail":"firebase-adminsdk-vitgk@itkmitl-oph-2019.iam.gserviceaccount.com"},"httpClient":{"retry":{"maxRetries":4,"statusCodes":[503],"ioErrorCodes":["ECONNRESET","ETIMEDOUT"],"backOffFactor":0.5,"maxDelayInMillis":60000}}}}
[debug] [2019-07-21T16:38:38.020Z] [runtime-status] Intializing default app. {"databaseURL":"https://itkmitl-oph-2019.firebaseio.com","storageBucket":"itkmitl-oph-2019.appspot.com","projectId":"itkmitl-oph-2019","credential":{"certificate":{"projectId":"itkmitl-oph-2019","privateKey":"-----BEGIN PRIVATE KEY-----\nMIIEvAIBADANBgkqhkiG9w0BAQEFAASCBKYwggSiAgEAAoIBAQCmdaubuu5F8ZrK\n0+Ou2mtffndqqN8ql0sXzaZVwu5aXaRNVOwRj1cvUQQDXYIyCzztonJoYBip8IsK\n1gTaaFarfo9TB85rMSolrBCN16J8wZBYr1blM3cPuwgboYG64IUeFCohn12CXMtQ\ne8ZTFXZ4S79reFAY1xaWwShk9E/hLodkVdb+eLhs28guQQOXS7f2GtDYL8UGuuUh\nqGFA4cWaEJln6US7Lw1clq7N3fZbXRMN73nFQCOoOticfSv/RBcGfq9jBpabWS2g\nPUIiVSynqFl9Q5Pl20rQiCdNRqaBMb8MuwDq8vUuNheaeIVSQEZeXR1VpZZxycpw\n8MXpW5L/AgMBAAECggEAMvqgpt318TfQJ0QDW96KucE6g1Dan+mb1ttlkKhVZRl+\noyxZ6/rRQa13JCy0He1xKHnyveKISyte+d+XtufzeywUauJeJlf1R3pNy5L5sWl6\ncp6oZyN+2DN4hTXOTFRMkGyuhoOPGMigf7KYh4NwN+FC63/6T9E3ms3nOBvWhujB\nkOicWMXp9klH3inSOwKf1KbnEMCQS+soteQuwErW2I0BjF2m5vpgWhJ/o0DLEecJ\nOIuAvJ28uAQDTpdS2o9LWXrZ/jE+EnWC5IgRu+yWpA94aFfy3nARDzNgP8uq+sGn\nEKks1P7/yOpTiLFb8DaBNzGOTPgltFx2lpdJozefCQKBgQDUm0oPzIE20aWLVBIW\nGJuMvwM/qALC4zf6cwVL+B+ghKq+lmCCn8+FNBw+mciCYpzbVwCD3L0Rib3st9hd\nnvpAzhHmIZVGdBTWteSqyeZpIBpUOuFDEMsYaIaF8XXjOgYkGT5EDa7Vj7jddW76\nhDk6rOymUDJC//pyWCbPzVQljQKBgQDIbzMSd/lidOtJ++Xjn/eSXzJA7ViG3vYy\n2QW4TxpKfPsYsxyU/4nv5jgrIIZ7Mdo1zoU7rNBY7HemTvWGbaDC6aLvyX6GC79h\nO8KKkLcTarPBe6x4D5UvHLWu1pSqWZE8txp00s80KwTufwXv9IdDb2KyP10s16D0\nsteOE1b5uwKBgGU33UWyRh40J00y5D1yz7NtSP2oXlAsXv00f2QQp/YC00tTSnVF\n4kV3bq77BfPVQPpH7G3azISqACrPyAmiY2Aw+2KFwIy/PSCPjmMlJjYMW5yYP6Bv\nQVHIiasBLu/UMxJClltN7FuuRgPhIcnQ43Ik27G+Yn91YOXJRAkQpywNAoGAVVPh\nri8dH+kecbSnPaxQPSQBxNpGIcSxkxwI71ndm3BxhSZbOKNBGbwslU+XcMLcXqO4\n3JrJZ9Hjbg2XQM9S7SeBkgt5rZ86ri4+t7a7+awnMmtwFPytSg0y22fGim7vAaYB\nwVItm8vkoZO591lmbDLzFWccR4bUotewJG/fSxkCgYBzmIIvZJCj638AWf8RtfsI\nN3fA7PAOG/SSmph0tUMHg4biieiEZ9XdmyWjrDDddGfQkAcy51vxRSTBwTNm/LT8\n0hdH1IomFopw/V0xramVx4rncsMzkYuuYJQUTMD5Ba65WaTdGeSnSdA8Ktz7rEEh\nlGE4pltRKnlVshjZlzQkNg==\n-----END PRIVATE KEY-----\n","clientEmail":"firebase-adminsdk-vitgk@itkmitl-oph-2019.iam.gserviceaccount.com"},"httpClient":{"retry":{"maxRetries":4,"statusCodes":[503],"ioErrorCodes":["ECONNRESET","ETIMEDOUT"],"backOffFactor":0.5,"maxDelayInMillis":60000}}}}
[debug] [2019-07-21T16:38:38.064Z] [runtime-status] Trigger "event" has been found, beginning invocation! {}
[debug] [2019-07-21T16:38:38.064Z] [runtime-status]  {"httpsTrigger":{},"name":"event","entryPoint":"event"}
[debug] [2019-07-21T16:38:38.064Z] [runtime-status] Running event in mode HTTPS {}
[debug] [2019-07-21T16:38:38.069Z] {"socketPath":"\\\\?\\pipe\\C:\\Users\\jobja\\Desktop\\Project\\oph2019-itkmitl\\functions\\12408"}
[debug] [2019-07-21T16:38:38.069Z] [functions] Runtime ready! Sending request! {"socketPath":"\\\\?\\pipe\\C:\\Users\\jobja\\Desktop\\Project\\oph2019-itkmitl\\functions\\12408"}
[debug] [2019-07-21T16:38:38.087Z] [runtime-status] Ephemeral server used! {}
[info] >  ReferenceError: year is not defined
[debug] [2019-07-21T16:38:38.093Z] [runtime-status] Ephemeral server survived. {}
[info] i  functions: Finished "event" in ~1s
[debug] [2019-07-21T16:39:22.687Z] File C:\Users\jobja\Desktop\Project\oph2019-itkmitl\functions\controller\eventController.js changed, reloading triggers
[debug] [2019-07-21T16:39:23.974Z] [runtime-status] Functions runtime initialized. {"cwd":"C:\\Users\\jobja\\Desktop\\Project\\oph2019-itkmitl\\functions","node_version":"12.4.0"}
[debug] [2019-07-21T16:39:23.974Z] [runtime-status] Disabled runtime features: {"functions_config_helper":true,"network_filtering":true,"timeout":true,"memory_limiting":true,"protect_env":true,"admin_stubs":true} {}
[debug] [2019-07-21T16:39:23.977Z] [runtime-status] Resolved module firebase-admin {"declared":true,"installed":true,"version":"8.2.0","resolution":"C:\\Users\\jobja\\Desktop\\Project\\oph2019-itkmitl\\functions\\node_modules\\firebase-admin\\lib\\index.js"}
[debug] [2019-07-21T16:39:23.979Z] [runtime-status] Resolved module firebase-functions {"declared":true,"installed":true,"version":"3.1.0","resolution":"C:\\Users\\jobja\\Desktop\\Project\\oph2019-itkmitl\\functions\\node_modules\\firebase-functions\\lib\\index.js"}
[debug] [2019-07-21T16:39:23.979Z] [runtime-status] Resolved module firebase-functions {"declared":true,"installed":true,"version":"3.1.0","resolution":"C:\\Users\\jobja\\Desktop\\Project\\oph2019-itkmitl\\functions\\node_modules\\firebase-functions\\lib\\index.js"}
[debug] [2019-07-21T16:39:24.020Z] [runtime-status] Resolved module firebase-admin {"declared":true,"installed":true,"version":"8.2.0","resolution":"C:\\Users\\jobja\\Desktop\\Project\\oph2019-itkmitl\\functions\\node_modules\\firebase-admin\\lib\\index.js"}
[debug] [2019-07-21T16:39:24.048Z] [runtime-status] firebase-admin has been stubbed. {"adminResolution":{"declared":true,"installed":true,"version":"8.2.0","resolution":"C:\\Users\\jobja\\Desktop\\Project\\oph2019-itkmitl\\functions\\node_modules\\firebase-admin\\lib\\index.js"}}
[debug] [2019-07-21T16:39:24.207Z] [default-admin-app-used]  {"databaseURL":"https://itkmitl-oph-2019.firebaseio.com","storageBucket":"itkmitl-oph-2019.appspot.com","projectId":"itkmitl-oph-2019","credential":{"certificate":{"projectId":"itkmitl-oph-2019","privateKey":"-----BEGIN PRIVATE KEY-----\nMIIEvAIBADANBgkqhkiG9w0BAQEFAASCBKYwggSiAgEAAoIBAQCmdaubuu5F8ZrK\n0+Ou2mtffndqqN8ql0sXzaZVwu5aXaRNVOwRj1cvUQQDXYIyCzztonJoYBip8IsK\n1gTaaFarfo9TB85rMSolrBCN16J8wZBYr1blM3cPuwgboYG64IUeFCohn12CXMtQ\ne8ZTFXZ4S79reFAY1xaWwShk9E/hLodkVdb+eLhs28guQQOXS7f2GtDYL8UGuuUh\nqGFA4cWaEJln6US7Lw1clq7N3fZbXRMN73nFQCOoOticfSv/RBcGfq9jBpabWS2g\nPUIiVSynqFl9Q5Pl20rQiCdNRqaBMb8MuwDq8vUuNheaeIVSQEZeXR1VpZZxycpw\n8MXpW5L/AgMBAAECggEAMvqgpt318TfQJ0QDW96KucE6g1Dan+mb1ttlkKhVZRl+\noyxZ6/rRQa13JCy0He1xKHnyveKISyte+d+XtufzeywUauJeJlf1R3pNy5L5sWl6\ncp6oZyN+2DN4hTXOTFRMkGyuhoOPGMigf7KYh4NwN+FC63/6T9E3ms3nOBvWhujB\nkOicWMXp9klH3inSOwKf1KbnEMCQS+soteQuwErW2I0BjF2m5vpgWhJ/o0DLEecJ\nOIuAvJ28uAQDTpdS2o9LWXrZ/jE+EnWC5IgRu+yWpA94aFfy3nARDzNgP8uq+sGn\nEKks1P7/yOpTiLFb8DaBNzGOTPgltFx2lpdJozefCQKBgQDUm0oPzIE20aWLVBIW\nGJuMvwM/qALC4zf6cwVL+B+ghKq+lmCCn8+FNBw+mciCYpzbVwCD3L0Rib3st9hd\nnvpAzhHmIZVGdBTWteSqyeZpIBpUOuFDEMsYaIaF8XXjOgYkGT5EDa7Vj7jddW76\nhDk6rOymUDJC//pyWCbPzVQljQKBgQDIbzMSd/lidOtJ++Xjn/eSXzJA7ViG3vYy\n2QW4TxpKfPsYsxyU/4nv5jgrIIZ7Mdo1zoU7rNBY7HemTvWGbaDC6aLvyX6GC79h\nO8KKkLcTarPBe6x4D5UvHLWu1pSqWZE8txp00s80KwTufwXv9IdDb2KyP10s16D0\nsteOE1b5uwKBgGU33UWyRh40J00y5D1yz7NtSP2oXlAsXv00f2QQp/YC00tTSnVF\n4kV3bq77BfPVQPpH7G3azISqACrPyAmiY2Aw+2KFwIy/PSCPjmMlJjYMW5yYP6Bv\nQVHIiasBLu/UMxJClltN7FuuRgPhIcnQ43Ik27G+Yn91YOXJRAkQpywNAoGAVVPh\nri8dH+kecbSnPaxQPSQBxNpGIcSxkxwI71ndm3BxhSZbOKNBGbwslU+XcMLcXqO4\n3JrJZ9Hjbg2XQM9S7SeBkgt5rZ86ri4+t7a7+awnMmtwFPytSg0y22fGim7vAaYB\nwVItm8vkoZO591lmbDLzFWccR4bUotewJG/fSxkCgYBzmIIvZJCj638AWf8RtfsI\nN3fA7PAOG/SSmph0tUMHg4biieiEZ9XdmyWjrDDddGfQkAcy51vxRSTBwTNm/LT8\n0hdH1IomFopw/V0xramVx4rncsMzkYuuYJQUTMD5Ba65WaTdGeSnSdA8Ktz7rEEh\nlGE4pltRKnlVshjZlzQkNg==\n-----END PRIVATE KEY-----\n","clientEmail":"firebase-adminsdk-vitgk@itkmitl-oph-2019.iam.gserviceaccount.com"},"httpClient":{"retry":{"maxRetries":4,"statusCodes":[503],"ioErrorCodes":["ECONNRESET","ETIMEDOUT"],"backOffFactor":0.5,"maxDelayInMillis":60000}}}}
[debug] [2019-07-21T16:39:24.207Z] [runtime-status] Intializing default app. {"databaseURL":"https://itkmitl-oph-2019.firebaseio.com","storageBucket":"itkmitl-oph-2019.appspot.com","projectId":"itkmitl-oph-2019","credential":{"certificate":{"projectId":"itkmitl-oph-2019","privateKey":"-----BEGIN PRIVATE KEY-----\nMIIEvAIBADANBgkqhkiG9w0BAQEFAASCBKYwggSiAgEAAoIBAQCmdaubuu5F8ZrK\n0+Ou2mtffndqqN8ql0sXzaZVwu5aXaRNVOwRj1cvUQQDXYIyCzztonJoYBip8IsK\n1gTaaFarfo9TB85rMSolrBCN16J8wZBYr1blM3cPuwgboYG64IUeFCohn12CXMtQ\ne8ZTFXZ4S79reFAY1xaWwShk9E/hLodkVdb+eLhs28guQQOXS7f2GtDYL8UGuuUh\nqGFA4cWaEJln6US7Lw1clq7N3fZbXRMN73nFQCOoOticfSv/RBcGfq9jBpabWS2g\nPUIiVSynqFl9Q5Pl20rQiCdNRqaBMb8MuwDq8vUuNheaeIVSQEZeXR1VpZZxycpw\n8MXpW5L/AgMBAAECggEAMvqgpt318TfQJ0QDW96KucE6g1Dan+mb1ttlkKhVZRl+\noyxZ6/rRQa13JCy0He1xKHnyveKISyte+d+XtufzeywUauJeJlf1R3pNy5L5sWl6\ncp6oZyN+2DN4hTXOTFRMkGyuhoOPGMigf7KYh4NwN+FC63/6T9E3ms3nOBvWhujB\nkOicWMXp9klH3inSOwKf1KbnEMCQS+soteQuwErW2I0BjF2m5vpgWhJ/o0DLEecJ\nOIuAvJ28uAQDTpdS2o9LWXrZ/jE+EnWC5IgRu+yWpA94aFfy3nARDzNgP8uq+sGn\nEKks1P7/yOpTiLFb8DaBNzGOTPgltFx2lpdJozefCQKBgQDUm0oPzIE20aWLVBIW\nGJuMvwM/qALC4zf6cwVL+B+ghKq+lmCCn8+FNBw+mciCYpzbVwCD3L0Rib3st9hd\nnvpAzhHmIZVGdBTWteSqyeZpIBpUOuFDEMsYaIaF8XXjOgYkGT5EDa7Vj7jddW76\nhDk6rOymUDJC//pyWCbPzVQljQKBgQDIbzMSd/lidOtJ++Xjn/eSXzJA7ViG3vYy\n2QW4TxpKfPsYsxyU/4nv5jgrIIZ7Mdo1zoU7rNBY7HemTvWGbaDC6aLvyX6GC79h\nO8KKkLcTarPBe6x4D5UvHLWu1pSqWZE8txp00s80KwTufwXv9IdDb2KyP10s16D0\nsteOE1b5uwKBgGU33UWyRh40J00y5D1yz7NtSP2oXlAsXv00f2QQp/YC00tTSnVF\n4kV3bq77BfPVQPpH7G3azISqACrPyAmiY2Aw+2KFwIy/PSCPjmMlJjYMW5yYP6Bv\nQVHIiasBLu/UMxJClltN7FuuRgPhIcnQ43Ik27G+Yn91YOXJRAkQpywNAoGAVVPh\nri8dH+kecbSnPaxQPSQBxNpGIcSxkxwI71ndm3BxhSZbOKNBGbwslU+XcMLcXqO4\n3JrJZ9Hjbg2XQM9S7SeBkgt5rZ86ri4+t7a7+awnMmtwFPytSg0y22fGim7vAaYB\nwVItm8vkoZO591lmbDLzFWccR4bUotewJG/fSxkCgYBzmIIvZJCj638AWf8RtfsI\nN3fA7PAOG/SSmph0tUMHg4biieiEZ9XdmyWjrDDddGfQkAcy51vxRSTBwTNm/LT8\n0hdH1IomFopw/V0xramVx4rncsMzkYuuYJQUTMD5Ba65WaTdGeSnSdA8Ktz7rEEh\nlGE4pltRKnlVshjZlzQkNg==\n-----END PRIVATE KEY-----\n","clientEmail":"firebase-adminsdk-vitgk@itkmitl-oph-2019.iam.gserviceaccount.com"},"httpClient":{"retry":{"maxRetries":4,"statusCodes":[503],"ioErrorCodes":["ECONNRESET","ETIMEDOUT"],"backOffFactor":0.5,"maxDelayInMillis":60000}}}}
[debug] [2019-07-21T16:39:28.307Z] File C:\Users\jobja\Desktop\Project\oph2019-itkmitl\functions\controller\eventController.js changed, reloading triggers
[debug] [2019-07-21T16:39:29.575Z] [runtime-status] Functions runtime initialized. {"cwd":"C:\\Users\\jobja\\Desktop\\Project\\oph2019-itkmitl\\functions","node_version":"12.4.0"}
[debug] [2019-07-21T16:39:29.575Z] [runtime-status] Disabled runtime features: {"functions_config_helper":true,"network_filtering":true,"timeout":true,"memory_limiting":true,"protect_env":true,"admin_stubs":true} {}
[debug] [2019-07-21T16:39:29.578Z] [runtime-status] Resolved module firebase-admin {"declared":true,"installed":true,"version":"8.2.0","resolution":"C:\\Users\\jobja\\Desktop\\Project\\oph2019-itkmitl\\functions\\node_modules\\firebase-admin\\lib\\index.js"}
[debug] [2019-07-21T16:39:29.579Z] [runtime-status] Resolved module firebase-functions {"declared":true,"installed":true,"version":"3.1.0","resolution":"C:\\Users\\jobja\\Desktop\\Project\\oph2019-itkmitl\\functions\\node_modules\\firebase-functions\\lib\\index.js"}
[debug] [2019-07-21T16:39:29.580Z] [runtime-status] Resolved module firebase-functions {"declared":true,"installed":true,"version":"3.1.0","resolution":"C:\\Users\\jobja\\Desktop\\Project\\oph2019-itkmitl\\functions\\node_modules\\firebase-functions\\lib\\index.js"}
[debug] [2019-07-21T16:39:29.606Z] [runtime-status] Resolved module firebase-admin {"declared":true,"installed":true,"version":"8.2.0","resolution":"C:\\Users\\jobja\\Desktop\\Project\\oph2019-itkmitl\\functions\\node_modules\\firebase-admin\\lib\\index.js"}
[debug] [2019-07-21T16:39:29.628Z] [runtime-status] firebase-admin has been stubbed. {"adminResolution":{"declared":true,"installed":true,"version":"8.2.0","resolution":"C:\\Users\\jobja\\Desktop\\Project\\oph2019-itkmitl\\functions\\node_modules\\firebase-admin\\lib\\index.js"}}
[debug] [2019-07-21T16:39:29.780Z] [default-admin-app-used]  {"databaseURL":"https://itkmitl-oph-2019.firebaseio.com","storageBucket":"itkmitl-oph-2019.appspot.com","projectId":"itkmitl-oph-2019","credential":{"certificate":{"projectId":"itkmitl-oph-2019","privateKey":"-----BEGIN PRIVATE KEY-----\nMIIEvAIBADANBgkqhkiG9w0BAQEFAASCBKYwggSiAgEAAoIBAQCmdaubuu5F8ZrK\n0+Ou2mtffndqqN8ql0sXzaZVwu5aXaRNVOwRj1cvUQQDXYIyCzztonJoYBip8IsK\n1gTaaFarfo9TB85rMSolrBCN16J8wZBYr1blM3cPuwgboYG64IUeFCohn12CXMtQ\ne8ZTFXZ4S79reFAY1xaWwShk9E/hLodkVdb+eLhs28guQQOXS7f2GtDYL8UGuuUh\nqGFA4cWaEJln6US7Lw1clq7N3fZbXRMN73nFQCOoOticfSv/RBcGfq9jBpabWS2g\nPUIiVSynqFl9Q5Pl20rQiCdNRqaBMb8MuwDq8vUuNheaeIVSQEZeXR1VpZZxycpw\n8MXpW5L/AgMBAAECggEAMvqgpt318TfQJ0QDW96KucE6g1Dan+mb1ttlkKhVZRl+\noyxZ6/rRQa13JCy0He1xKHnyveKISyte+d+XtufzeywUauJeJlf1R3pNy5L5sWl6\ncp6oZyN+2DN4hTXOTFRMkGyuhoOPGMigf7KYh4NwN+FC63/6T9E3ms3nOBvWhujB\nkOicWMXp9klH3inSOwKf1KbnEMCQS+soteQuwErW2I0BjF2m5vpgWhJ/o0DLEecJ\nOIuAvJ28uAQDTpdS2o9LWXrZ/jE+EnWC5IgRu+yWpA94aFfy3nARDzNgP8uq+sGn\nEKks1P7/yOpTiLFb8DaBNzGOTPgltFx2lpdJozefCQKBgQDUm0oPzIE20aWLVBIW\nGJuMvwM/qALC4zf6cwVL+B+ghKq+lmCCn8+FNBw+mciCYpzbVwCD3L0Rib3st9hd\nnvpAzhHmIZVGdBTWteSqyeZpIBpUOuFDEMsYaIaF8XXjOgYkGT5EDa7Vj7jddW76\nhDk6rOymUDJC//pyWCbPzVQljQKBgQDIbzMSd/lidOtJ++Xjn/eSXzJA7ViG3vYy\n2QW4TxpKfPsYsxyU/4nv5jgrIIZ7Mdo1zoU7rNBY7HemTvWGbaDC6aLvyX6GC79h\nO8KKkLcTarPBe6x4D5UvHLWu1pSqWZE8txp00s80KwTufwXv9IdDb2KyP10s16D0\nsteOE1b5uwKBgGU33UWyRh40J00y5D1yz7NtSP2oXlAsXv00f2QQp/YC00tTSnVF\n4kV3bq77BfPVQPpH7G3azISqACrPyAmiY2Aw+2KFwIy/PSCPjmMlJjYMW5yYP6Bv\nQVHIiasBLu/UMxJClltN7FuuRgPhIcnQ43Ik27G+Yn91YOXJRAkQpywNAoGAVVPh\nri8dH+kecbSnPaxQPSQBxNpGIcSxkxwI71ndm3BxhSZbOKNBGbwslU+XcMLcXqO4\n3JrJZ9Hjbg2XQM9S7SeBkgt5rZ86ri4+t7a7+awnMmtwFPytSg0y22fGim7vAaYB\nwVItm8vkoZO591lmbDLzFWccR4bUotewJG/fSxkCgYBzmIIvZJCj638AWf8RtfsI\nN3fA7PAOG/SSmph0tUMHg4biieiEZ9XdmyWjrDDddGfQkAcy51vxRSTBwTNm/LT8\n0hdH1IomFopw/V0xramVx4rncsMzkYuuYJQUTMD5Ba65WaTdGeSnSdA8Ktz7rEEh\nlGE4pltRKnlVshjZlzQkNg==\n-----END PRIVATE KEY-----\n","clientEmail":"firebase-adminsdk-vitgk@itkmitl-oph-2019.iam.gserviceaccount.com"},"httpClient":{"retry":{"maxRetries":4,"statusCodes":[503],"ioErrorCodes":["ECONNRESET","ETIMEDOUT"],"backOffFactor":0.5,"maxDelayInMillis":60000}}}}
[debug] [2019-07-21T16:39:29.781Z] [runtime-status] Intializing default app. {"databaseURL":"https://itkmitl-oph-2019.firebaseio.com","storageBucket":"itkmitl-oph-2019.appspot.com","projectId":"itkmitl-oph-2019","credential":{"certificate":{"projectId":"itkmitl-oph-2019","privateKey":"-----BEGIN PRIVATE KEY-----\nMIIEvAIBADANBgkqhkiG9w0BAQEFAASCBKYwggSiAgEAAoIBAQCmdaubuu5F8ZrK\n0+Ou2mtffndqqN8ql0sXzaZVwu5aXaRNVOwRj1cvUQQDXYIyCzztonJoYBip8IsK\n1gTaaFarfo9TB85rMSolrBCN16J8wZBYr1blM3cPuwgboYG64IUeFCohn12CXMtQ\ne8ZTFXZ4S79reFAY1xaWwShk9E/hLodkVdb+eLhs28guQQOXS7f2GtDYL8UGuuUh\nqGFA4cWaEJln6US7Lw1clq7N3fZbXRMN73nFQCOoOticfSv/RBcGfq9jBpabWS2g\nPUIiVSynqFl9Q5Pl20rQiCdNRqaBMb8MuwDq8vUuNheaeIVSQEZeXR1VpZZxycpw\n8MXpW5L/AgMBAAECggEAMvqgpt318TfQJ0QDW96KucE6g1Dan+mb1ttlkKhVZRl+\noyxZ6/rRQa13JCy0He1xKHnyveKISyte+d+XtufzeywUauJeJlf1R3pNy5L5sWl6\ncp6oZyN+2DN4hTXOTFRMkGyuhoOPGMigf7KYh4NwN+FC63/6T9E3ms3nOBvWhujB\nkOicWMXp9klH3inSOwKf1KbnEMCQS+soteQuwErW2I0BjF2m5vpgWhJ/o0DLEecJ\nOIuAvJ28uAQDTpdS2o9LWXrZ/jE+EnWC5IgRu+yWpA94aFfy3nARDzNgP8uq+sGn\nEKks1P7/yOpTiLFb8DaBNzGOTPgltFx2lpdJozefCQKBgQDUm0oPzIE20aWLVBIW\nGJuMvwM/qALC4zf6cwVL+B+ghKq+lmCCn8+FNBw+mciCYpzbVwCD3L0Rib3st9hd\nnvpAzhHmIZVGdBTWteSqyeZpIBpUOuFDEMsYaIaF8XXjOgYkGT5EDa7Vj7jddW76\nhDk6rOymUDJC//pyWCbPzVQljQKBgQDIbzMSd/lidOtJ++Xjn/eSXzJA7ViG3vYy\n2QW4TxpKfPsYsxyU/4nv5jgrIIZ7Mdo1zoU7rNBY7HemTvWGbaDC6aLvyX6GC79h\nO8KKkLcTarPBe6x4D5UvHLWu1pSqWZE8txp00s80KwTufwXv9IdDb2KyP10s16D0\nsteOE1b5uwKBgGU33UWyRh40J00y5D1yz7NtSP2oXlAsXv00f2QQp/YC00tTSnVF\n4kV3bq77BfPVQPpH7G3azISqACrPyAmiY2Aw+2KFwIy/PSCPjmMlJjYMW5yYP6Bv\nQVHIiasBLu/UMxJClltN7FuuRgPhIcnQ43Ik27G+Yn91YOXJRAkQpywNAoGAVVPh\nri8dH+kecbSnPaxQPSQBxNpGIcSxkxwI71ndm3BxhSZbOKNBGbwslU+XcMLcXqO4\n3JrJZ9Hjbg2XQM9S7SeBkgt5rZ86ri4+t7a7+awnMmtwFPytSg0y22fGim7vAaYB\nwVItm8vkoZO591lmbDLzFWccR4bUotewJG/fSxkCgYBzmIIvZJCj638AWf8RtfsI\nN3fA7PAOG/SSmph0tUMHg4biieiEZ9XdmyWjrDDddGfQkAcy51vxRSTBwTNm/LT8\n0hdH1IomFopw/V0xramVx4rncsMzkYuuYJQUTMD5Ba65WaTdGeSnSdA8Ktz7rEEh\nlGE4pltRKnlVshjZlzQkNg==\n-----END PRIVATE KEY-----\n","clientEmail":"firebase-adminsdk-vitgk@itkmitl-oph-2019.iam.gserviceaccount.com"},"httpClient":{"retry":{"maxRetries":4,"statusCodes":[503],"ioErrorCodes":["ECONNRESET","ETIMEDOUT"],"backOffFactor":0.5,"maxDelayInMillis":60000}}}}
[debug] [2019-07-21T16:39:32.816Z] Accepted request POST /itkmitl-oph-2019/us-central1/event/register --> event
[debug] [2019-07-21T16:39:33.097Z] [runtime-status] Functions runtime initialized. {"cwd":"C:\\Users\\jobja\\Desktop\\Project\\oph2019-itkmitl\\functions","node_version":"12.4.0"}
[info] i  functions: Beginning execution of "event"
[debug] [2019-07-21T16:39:33.099Z] [runtime-status] Disabled runtime features: {"functions_config_helper":true,"network_filtering":true,"timeout":true,"memory_limiting":true,"protect_env":true,"admin_stubs":true} {}
[debug] [2019-07-21T16:39:33.105Z] [runtime-status] Resolved module firebase-admin {"declared":true,"installed":true,"version":"8.2.0","resolution":"C:\\Users\\jobja\\Desktop\\Project\\oph2019-itkmitl\\functions\\node_modules\\firebase-admin\\lib\\index.js"}
[debug] [2019-07-21T16:39:33.109Z] [runtime-status] Resolved module firebase-functions {"declared":true,"installed":true,"version":"3.1.0","resolution":"C:\\Users\\jobja\\Desktop\\Project\\oph2019-itkmitl\\functions\\node_modules\\firebase-functions\\lib\\index.js"}
[debug] [2019-07-21T16:39:33.111Z] [runtime-status] Resolved module firebase-functions {"declared":true,"installed":true,"version":"3.1.0","resolution":"C:\\Users\\jobja\\Desktop\\Project\\oph2019-itkmitl\\functions\\node_modules\\firebase-functions\\lib\\index.js"}
[debug] [2019-07-21T16:39:33.148Z] [runtime-status] Resolved module firebase-admin {"declared":true,"installed":true,"version":"8.2.0","resolution":"C:\\Users\\jobja\\Desktop\\Project\\oph2019-itkmitl\\functions\\node_modules\\firebase-admin\\lib\\index.js"}
[debug] [2019-07-21T16:39:33.172Z] [runtime-status] firebase-admin has been stubbed. {"adminResolution":{"declared":true,"installed":true,"version":"8.2.0","resolution":"C:\\Users\\jobja\\Desktop\\Project\\oph2019-itkmitl\\functions\\node_modules\\firebase-admin\\lib\\index.js"}}
[debug] [2019-07-21T16:39:33.335Z] [default-admin-app-used]  {"databaseURL":"https://itkmitl-oph-2019.firebaseio.com","storageBucket":"itkmitl-oph-2019.appspot.com","projectId":"itkmitl-oph-2019","credential":{"certificate":{"projectId":"itkmitl-oph-2019","privateKey":"-----BEGIN PRIVATE KEY-----\nMIIEvAIBADANBgkqhkiG9w0BAQEFAASCBKYwggSiAgEAAoIBAQCmdaubuu5F8ZrK\n0+Ou2mtffndqqN8ql0sXzaZVwu5aXaRNVOwRj1cvUQQDXYIyCzztonJoYBip8IsK\n1gTaaFarfo9TB85rMSolrBCN16J8wZBYr1blM3cPuwgboYG64IUeFCohn12CXMtQ\ne8ZTFXZ4S79reFAY1xaWwShk9E/hLodkVdb+eLhs28guQQOXS7f2GtDYL8UGuuUh\nqGFA4cWaEJln6US7Lw1clq7N3fZbXRMN73nFQCOoOticfSv/RBcGfq9jBpabWS2g\nPUIiVSynqFl9Q5Pl20rQiCdNRqaBMb8MuwDq8vUuNheaeIVSQEZeXR1VpZZxycpw\n8MXpW5L/AgMBAAECggEAMvqgpt318TfQJ0QDW96KucE6g1Dan+mb1ttlkKhVZRl+\noyxZ6/rRQa13JCy0He1xKHnyveKISyte+d+XtufzeywUauJeJlf1R3pNy5L5sWl6\ncp6oZyN+2DN4hTXOTFRMkGyuhoOPGMigf7KYh4NwN+FC63/6T9E3ms3nOBvWhujB\nkOicWMXp9klH3inSOwKf1KbnEMCQS+soteQuwErW2I0BjF2m5vpgWhJ/o0DLEecJ\nOIuAvJ28uAQDTpdS2o9LWXrZ/jE+EnWC5IgRu+yWpA94aFfy3nARDzNgP8uq+sGn\nEKks1P7/yOpTiLFb8DaBNzGOTPgltFx2lpdJozefCQKBgQDUm0oPzIE20aWLVBIW\nGJuMvwM/qALC4zf6cwVL+B+ghKq+lmCCn8+FNBw+mciCYpzbVwCD3L0Rib3st9hd\nnvpAzhHmIZVGdBTWteSqyeZpIBpUOuFDEMsYaIaF8XXjOgYkGT5EDa7Vj7jddW76\nhDk6rOymUDJC//pyWCbPzVQljQKBgQDIbzMSd/lidOtJ++Xjn/eSXzJA7ViG3vYy\n2QW4TxpKfPsYsxyU/4nv5jgrIIZ7Mdo1zoU7rNBY7HemTvWGbaDC6aLvyX6GC79h\nO8KKkLcTarPBe6x4D5UvHLWu1pSqWZE8txp00s80KwTufwXv9IdDb2KyP10s16D0\nsteOE1b5uwKBgGU33UWyRh40J00y5D1yz7NtSP2oXlAsXv00f2QQp/YC00tTSnVF\n4kV3bq77BfPVQPpH7G3azISqACrPyAmiY2Aw+2KFwIy/PSCPjmMlJjYMW5yYP6Bv\nQVHIiasBLu/UMxJClltN7FuuRgPhIcnQ43Ik27G+Yn91YOXJRAkQpywNAoGAVVPh\nri8dH+kecbSnPaxQPSQBxNpGIcSxkxwI71ndm3BxhSZbOKNBGbwslU+XcMLcXqO4\n3JrJZ9Hjbg2XQM9S7SeBkgt5rZ86ri4+t7a7+awnMmtwFPytSg0y22fGim7vAaYB\nwVItm8vkoZO591lmbDLzFWccR4bUotewJG/fSxkCgYBzmIIvZJCj638AWf8RtfsI\nN3fA7PAOG/SSmph0tUMHg4biieiEZ9XdmyWjrDDddGfQkAcy51vxRSTBwTNm/LT8\n0hdH1IomFopw/V0xramVx4rncsMzkYuuYJQUTMD5Ba65WaTdGeSnSdA8Ktz7rEEh\nlGE4pltRKnlVshjZlzQkNg==\n-----END PRIVATE KEY-----\n","clientEmail":"firebase-adminsdk-vitgk@itkmitl-oph-2019.iam.gserviceaccount.com"},"httpClient":{"retry":{"maxRetries":4,"statusCodes":[503],"ioErrorCodes":["ECONNRESET","ETIMEDOUT"],"backOffFactor":0.5,"maxDelayInMillis":60000}}}}
[debug] [2019-07-21T16:39:33.336Z] [runtime-status] Intializing default app. {"databaseURL":"https://itkmitl-oph-2019.firebaseio.com","storageBucket":"itkmitl-oph-2019.appspot.com","projectId":"itkmitl-oph-2019","credential":{"certificate":{"projectId":"itkmitl-oph-2019","privateKey":"-----BEGIN PRIVATE KEY-----\nMIIEvAIBADANBgkqhkiG9w0BAQEFAASCBKYwggSiAgEAAoIBAQCmdaubuu5F8ZrK\n0+Ou2mtffndqqN8ql0sXzaZVwu5aXaRNVOwRj1cvUQQDXYIyCzztonJoYBip8IsK\n1gTaaFarfo9TB85rMSolrBCN16J8wZBYr1blM3cPuwgboYG64IUeFCohn12CXMtQ\ne8ZTFXZ4S79reFAY1xaWwShk9E/hLodkVdb+eLhs28guQQOXS7f2GtDYL8UGuuUh\nqGFA4cWaEJln6US7Lw1clq7N3fZbXRMN73nFQCOoOticfSv/RBcGfq9jBpabWS2g\nPUIiVSynqFl9Q5Pl20rQiCdNRqaBMb8MuwDq8vUuNheaeIVSQEZeXR1VpZZxycpw\n8MXpW5L/AgMBAAECggEAMvqgpt318TfQJ0QDW96KucE6g1Dan+mb1ttlkKhVZRl+\noyxZ6/rRQa13JCy0He1xKHnyveKISyte+d+XtufzeywUauJeJlf1R3pNy5L5sWl6\ncp6oZyN+2DN4hTXOTFRMkGyuhoOPGMigf7KYh4NwN+FC63/6T9E3ms3nOBvWhujB\nkOicWMXp9klH3inSOwKf1KbnEMCQS+soteQuwErW2I0BjF2m5vpgWhJ/o0DLEecJ\nOIuAvJ28uAQDTpdS2o9LWXrZ/jE+EnWC5IgRu+yWpA94aFfy3nARDzNgP8uq+sGn\nEKks1P7/yOpTiLFb8DaBNzGOTPgltFx2lpdJozefCQKBgQDUm0oPzIE20aWLVBIW\nGJuMvwM/qALC4zf6cwVL+B+ghKq+lmCCn8+FNBw+mciCYpzbVwCD3L0Rib3st9hd\nnvpAzhHmIZVGdBTWteSqyeZpIBpUOuFDEMsYaIaF8XXjOgYkGT5EDa7Vj7jddW76\nhDk6rOymUDJC//pyWCbPzVQljQKBgQDIbzMSd/lidOtJ++Xjn/eSXzJA7ViG3vYy\n2QW4TxpKfPsYsxyU/4nv5jgrIIZ7Mdo1zoU7rNBY7HemTvWGbaDC6aLvyX6GC79h\nO8KKkLcTarPBe6x4D5UvHLWu1pSqWZE8txp00s80KwTufwXv9IdDb2KyP10s16D0\nsteOE1b5uwKBgGU33UWyRh40J00y5D1yz7NtSP2oXlAsXv00f2QQp/YC00tTSnVF\n4kV3bq77BfPVQPpH7G3azISqACrPyAmiY2Aw+2KFwIy/PSCPjmMlJjYMW5yYP6Bv\nQVHIiasBLu/UMxJClltN7FuuRgPhIcnQ43Ik27G+Yn91YOXJRAkQpywNAoGAVVPh\nri8dH+kecbSnPaxQPSQBxNpGIcSxkxwI71ndm3BxhSZbOKNBGbwslU+XcMLcXqO4\n3JrJZ9Hjbg2XQM9S7SeBkgt5rZ86ri4+t7a7+awnMmtwFPytSg0y22fGim7vAaYB\nwVItm8vkoZO591lmbDLzFWccR4bUotewJG/fSxkCgYBzmIIvZJCj638AWf8RtfsI\nN3fA7PAOG/SSmph0tUMHg4biieiEZ9XdmyWjrDDddGfQkAcy51vxRSTBwTNm/LT8\n0hdH1IomFopw/V0xramVx4rncsMzkYuuYJQUTMD5Ba65WaTdGeSnSdA8Ktz7rEEh\nlGE4pltRKnlVshjZlzQkNg==\n-----END PRIVATE KEY-----\n","clientEmail":"firebase-adminsdk-vitgk@itkmitl-oph-2019.iam.gserviceaccount.com"},"httpClient":{"retry":{"maxRetries":4,"statusCodes":[503],"ioErrorCodes":["ECONNRESET","ETIMEDOUT"],"backOffFactor":0.5,"maxDelayInMillis":60000}}}}
[debug] [2019-07-21T16:39:33.380Z] [runtime-status] Trigger "event" has been found, beginning invocation! {}
[debug] [2019-07-21T16:39:33.381Z] [runtime-status]  {"httpsTrigger":{},"name":"event","entryPoint":"event"}
[debug] [2019-07-21T16:39:33.381Z] [runtime-status] Running event in mode HTTPS {}
[debug] [2019-07-21T16:39:33.385Z] {"socketPath":"\\\\?\\pipe\\C:\\Users\\jobja\\Desktop\\Project\\oph2019-itkmitl\\functions\\7152"}
[debug] [2019-07-21T16:39:33.386Z] [functions] Runtime ready! Sending request! {"socketPath":"\\\\?\\pipe\\C:\\Users\\jobja\\Desktop\\Project\\oph2019-itkmitl\\functions\\7152"}
[debug] [2019-07-21T16:39:33.404Z] [runtime-status] Ephemeral server used! {}
[debug] [2019-07-21T16:39:33.652Z] [runtime-status] Ephemeral server survived. {}
[info] i  functions: Finished "event" in ~1s
